{
	"/Users/vikram.v/dev/osiris/nestjs-firebase-admin/lib/firebase-admin-core.module.ts": {
		"path": "/Users/vikram.v/dev/osiris/nestjs-firebase-admin/lib/firebase-admin-core.module.ts",
		"statementMap": {
			"0": { "start": { "line": 2, "column": 17 }, "end": { "line": 7, "column": 1 } },
			"1": { "start": { "line": 3, "column": 12 }, "end": { "line": 3, "column": 28 } },
			"2": { "start": { "line": 3, "column": 34 }, "end": { "line": 3, "column": 125 } },
			"3": { "start": { "line": 4, "column": 4 }, "end": { "line": 5, "column": 150 } },
			"4": { "start": { "line": 4, "column": 79 }, "end": { "line": 4, "column": 131 } },
			"5": { "start": { "line": 5, "column": 9 }, "end": { "line": 5, "column": 150 } },
			"6": { "start": { "line": 5, "column": 22 }, "end": { "line": 5, "column": 43 } },
			"7": { "start": { "line": 5, "column": 58 }, "end": { "line": 5, "column": 150 } },
			"8": { "start": { "line": 5, "column": 81 }, "end": { "line": 5, "column": 150 } },
			"9": { "start": { "line": 6, "column": 4 }, "end": { "line": 6, "column": 66 } },
			"10": { "start": { "line": 9, "column": 0 }, "end": { "line": 9, "column": 62 } },
			"11": { "start": { "line": 10, "column": 0 }, "end": { "line": 10, "column": 41 } },
			"12": { "start": { "line": 11, "column": 17 }, "end": { "line": 11, "column": 42 } },
			"13": { "start": { "line": 12, "column": 14 }, "end": { "line": 12, "column": 39 } },
			"14": { "start": { "line": 13, "column": 34 }, "end": { "line": 13, "column": 70 } },
			"15": { "start": { "line": 14, "column": 19 }, "end": { "line": 14, "column": 40 } },
			"16": { "start": { "line": 15, "column": 18 }, "end": { "line": 22, "column": 1 } },
			"17": { "start": { "line": 23, "column": 30 }, "end": { "line": 67, "column": 1 } },
			"18": { "start": { "line": 25, "column": 43 }, "end": { "line": 28, "column": 9 } },
			"19": { "start": { "line": 29, "column": 20 }, "end": { "line": 29, "column": 90 } },
			"20": { "start": { "line": 30, "column": 26 }, "end": { "line": 30, "column": 51 } },
			"21": { "start": { "line": 31, "column": 8 }, "end": { "line": 35, "column": 10 } },
			"22": { "start": { "line": 38, "column": 8 }, "end": { "line": 41, "column": 12 } },
			"23": { "start": { "line": 38, "column": 51 }, "end": { "line": 41, "column": 9 } },
			"24": { "start": { "line": 40, "column": 30 }, "end": { "line": 40, "column": 54 } },
			"25": { "start": { "line": 44, "column": 43 }, "end": { "line": 48, "column": 9 } },
			"26": { "start": { "line": 49, "column": 26 }, "end": { "line": 49, "column": 53 } },
			"27": { "start": { "line": 50, "column": 8 }, "end": { "line": 55, "column": 10 } },
			"28": { "start": { "line": 58, "column": 8 }, "end": { "line": 65, "column": 12 } },
			"29": { "start": { "line": 58, "column": 51 }, "end": { "line": 65, "column": 9 } },
			"30": { "start": { "line": 61, "column": 28 }, "end": { "line": 61, "column": 98 } },
			"31": { "start": { "line": 62, "column": 16 }, "end": { "line": 62, "column": 48 } },
			"32": { "start": { "line": 68, "column": 0 }, "end": { "line": 71, "column": 28 } },
			"33": { "start": { "line": 72, "column": 0 }, "end": { "line": 72, "column": 58 } }
		},
		"fnMap": {
			"0": {
				"name": "(anonymous_0)",
				"decl": { "start": { "line": 2, "column": 46 }, "end": { "line": 2, "column": 47 } },
				"loc": { "start": { "line": 2, "column": 87 }, "end": { "line": 7, "column": 1 } },
				"line": 2
			},
			"1": {
				"name": "(anonymous_1)",
				"decl": { "start": { "line": 24, "column": 4 }, "end": { "line": 24, "column": 5 } },
				"loc": { "start": { "line": 24, "column": 28 }, "end": { "line": 36, "column": 5 } },
				"line": 24
			},
			"2": {
				"name": "(anonymous_2)",
				"decl": { "start": { "line": 37, "column": 4 }, "end": { "line": 37, "column": 5 } },
				"loc": { "start": { "line": 37, "column": 32 }, "end": { "line": 42, "column": 5 } },
				"line": 37
			},
			"3": {
				"name": "(anonymous_3)",
				"decl": { "start": { "line": 38, "column": 29 }, "end": { "line": 38, "column": 30 } },
				"loc": { "start": { "line": 38, "column": 51 }, "end": { "line": 41, "column": 9 } },
				"line": 38
			},
			"4": {
				"name": "(anonymous_4)",
				"decl": { "start": { "line": 40, "column": 24 }, "end": { "line": 40, "column": 25 } },
				"loc": { "start": { "line": 40, "column": 30 }, "end": { "line": 40, "column": 54 } },
				"line": 40
			},
			"5": {
				"name": "(anonymous_5)",
				"decl": { "start": { "line": 43, "column": 4 }, "end": { "line": 43, "column": 5 } },
				"loc": { "start": { "line": 43, "column": 33 }, "end": { "line": 56, "column": 5 } },
				"line": 43
			},
			"6": {
				"name": "(anonymous_6)",
				"decl": { "start": { "line": 57, "column": 4 }, "end": { "line": 57, "column": 5 } },
				"loc": { "start": { "line": 57, "column": 34 }, "end": { "line": 66, "column": 5 } },
				"line": 57
			},
			"7": {
				"name": "(anonymous_7)",
				"decl": { "start": { "line": 58, "column": 29 }, "end": { "line": 58, "column": 30 } },
				"loc": { "start": { "line": 58, "column": 51 }, "end": { "line": 65, "column": 9 } },
				"line": 58
			},
			"8": {
				"name": "(anonymous_8)",
				"decl": { "start": { "line": 60, "column": 24 }, "end": { "line": 60, "column": 25 } },
				"loc": { "start": { "line": 60, "column": 37 }, "end": { "line": 63, "column": 13 } },
				"line": 60
			}
		},
		"branchMap": {
			"0": {
				"loc": { "start": { "line": 2, "column": 17 }, "end": { "line": 7, "column": 1 } },
				"type": "binary-expr",
				"locations": [
					{ "start": { "line": 2, "column": 18 }, "end": { "line": 2, "column": 22 } },
					{ "start": { "line": 2, "column": 26 }, "end": { "line": 2, "column": 41 } },
					{ "start": { "line": 2, "column": 46 }, "end": { "line": 7, "column": 1 } }
				],
				"line": 2
			},
			"1": {
				"loc": { "start": { "line": 3, "column": 34 }, "end": { "line": 3, "column": 125 } },
				"type": "cond-expr",
				"locations": [
					{ "start": { "line": 3, "column": 42 }, "end": { "line": 3, "column": 48 } },
					{ "start": { "line": 3, "column": 51 }, "end": { "line": 3, "column": 125 } }
				],
				"line": 3
			},
			"2": {
				"loc": { "start": { "line": 3, "column": 51 }, "end": { "line": 3, "column": 125 } },
				"type": "cond-expr",
				"locations": [
					{ "start": { "line": 3, "column": 67 }, "end": { "line": 3, "column": 118 } },
					{ "start": { "line": 3, "column": 121 }, "end": { "line": 3, "column": 125 } }
				],
				"line": 3
			},
			"3": {
				"loc": { "start": { "line": 4, "column": 4 }, "end": { "line": 5, "column": 150 } },
				"type": "if",
				"locations": [
					{ "start": { "line": 4, "column": 4 }, "end": { "line": 5, "column": 150 } },
					{ "start": { "line": 5, "column": 9 }, "end": { "line": 5, "column": 150 } }
				],
				"line": 4
			},
			"4": {
				"loc": { "start": { "line": 4, "column": 8 }, "end": { "line": 4, "column": 77 } },
				"type": "binary-expr",
				"locations": [
					{ "start": { "line": 4, "column": 8 }, "end": { "line": 4, "column": 35 } },
					{ "start": { "line": 4, "column": 39 }, "end": { "line": 4, "column": 77 } }
				],
				"line": 4
			},
			"5": {
				"loc": { "start": { "line": 5, "column": 58 }, "end": { "line": 5, "column": 150 } },
				"type": "if",
				"locations": [
					{ "start": { "line": 5, "column": 58 }, "end": { "line": 5, "column": 150 } },
					{ "start": {}, "end": {} }
				],
				"line": 5
			},
			"6": {
				"loc": { "start": { "line": 5, "column": 85 }, "end": { "line": 5, "column": 149 } },
				"type": "binary-expr",
				"locations": [
					{ "start": { "line": 5, "column": 86 }, "end": { "line": 5, "column": 143 } },
					{ "start": { "line": 5, "column": 148 }, "end": { "line": 5, "column": 149 } }
				],
				"line": 5
			},
			"7": {
				"loc": { "start": { "line": 5, "column": 86 }, "end": { "line": 5, "column": 143 } },
				"type": "cond-expr",
				"locations": [
					{ "start": { "line": 5, "column": 94 }, "end": { "line": 5, "column": 98 } },
					{ "start": { "line": 5, "column": 101 }, "end": { "line": 5, "column": 143 } }
				],
				"line": 5
			},
			"8": {
				"loc": { "start": { "line": 5, "column": 101 }, "end": { "line": 5, "column": 143 } },
				"type": "cond-expr",
				"locations": [
					{ "start": { "line": 5, "column": 109 }, "end": { "line": 5, "column": 126 } },
					{ "start": { "line": 5, "column": 129 }, "end": { "line": 5, "column": 143 } }
				],
				"line": 5
			},
			"9": {
				"loc": { "start": { "line": 6, "column": 11 }, "end": { "line": 6, "column": 62 } },
				"type": "binary-expr",
				"locations": [
					{ "start": { "line": 6, "column": 11 }, "end": { "line": 6, "column": 16 } },
					{ "start": { "line": 6, "column": 20 }, "end": { "line": 6, "column": 21 } },
					{ "start": { "line": 6, "column": 25 }, "end": { "line": 6, "column": 62 } }
				],
				"line": 6
			},
			"10": {
				"loc": { "start": { "line": 29, "column": 20 }, "end": { "line": 29, "column": 90 } },
				"type": "cond-expr",
				"locations": [
					{ "start": { "line": 29, "column": 46 }, "end": { "line": 29, "column": 74 } },
					{ "start": { "line": 29, "column": 77 }, "end": { "line": 29, "column": 90 } }
				],
				"line": 29
			},
			"11": {
				"loc": { "start": { "line": 47, "column": 20 }, "end": { "line": 47, "column": 40 } },
				"type": "binary-expr",
				"locations": [
					{ "start": { "line": 47, "column": 20 }, "end": { "line": 47, "column": 34 } },
					{ "start": { "line": 47, "column": 38 }, "end": { "line": 47, "column": 40 } }
				],
				"line": 47
			},
			"12": {
				"loc": { "start": { "line": 61, "column": 28 }, "end": { "line": 61, "column": 98 } },
				"type": "cond-expr",
				"locations": [
					{ "start": { "line": 61, "column": 54 }, "end": { "line": 61, "column": 82 } },
					{ "start": { "line": 61, "column": 85 }, "end": { "line": 61, "column": 98 } }
				],
				"line": 61
			}
		},
		"s": {
			"0": 1,
			"1": 1,
			"2": 1,
			"3": 1,
			"4": 1,
			"5": 0,
			"6": 0,
			"7": 0,
			"8": 0,
			"9": 1,
			"10": 1,
			"11": 1,
			"12": 1,
			"13": 1,
			"14": 1,
			"15": 1,
			"16": 1,
			"17": 1,
			"18": 1,
			"19": 1,
			"20": 1,
			"21": 1,
			"22": 1,
			"23": 6,
			"24": 6,
			"25": 1,
			"26": 1,
			"27": 1,
			"28": 1,
			"29": 6,
			"30": 6,
			"31": 6,
			"32": 1,
			"33": 1
		},
		"f": { "0": 1, "1": 1, "2": 1, "3": 6, "4": 6, "5": 1, "6": 1, "7": 6, "8": 6 },
		"b": {
			"0": [1, 1, 1],
			"1": [1, 0],
			"2": [0, 0],
			"3": [1, 0],
			"4": [1, 1],
			"5": [0, 0],
			"6": [0, 0],
			"7": [0, 0],
			"8": [0, 0],
			"9": [1, 0, 0],
			"10": [1, 0],
			"11": [1, 1],
			"12": [0, 6]
		},
		"_coverageSchema": "1a1c01bbd47fc00a2c39e90264f33305004495a9",
		"hash": "40eb13b935861e120c8618646961bc4caf5395ca"
	},
	"/Users/vikram.v/dev/osiris/nestjs-firebase-admin/lib/firebase-admin.constant.ts": {
		"path": "/Users/vikram.v/dev/osiris/nestjs-firebase-admin/lib/firebase-admin.constant.ts",
		"statementMap": {
			"0": { "start": { "line": 2, "column": 0 }, "end": { "line": 2, "column": 62 } },
			"1": { "start": { "line": 3, "column": 0 }, "end": { "line": 3, "column": 77 } },
			"2": { "start": { "line": 4, "column": 0 }, "end": { "line": 4, "column": 72 } },
			"3": { "start": { "line": 5, "column": 0 }, "end": { "line": 5, "column": 52 } }
		},
		"fnMap": {},
		"branchMap": {},
		"s": { "0": 1, "1": 1, "2": 1, "3": 1 },
		"f": {},
		"b": {},
		"_coverageSchema": "1a1c01bbd47fc00a2c39e90264f33305004495a9",
		"hash": "30d6420cc8a337a4508f18188d9501586e69693f"
	},
	"/Users/vikram.v/dev/osiris/nestjs-firebase-admin/lib/firebase-admin.module.ts": {
		"path": "/Users/vikram.v/dev/osiris/nestjs-firebase-admin/lib/firebase-admin.module.ts",
		"statementMap": {
			"0": { "start": { "line": 2, "column": 17 }, "end": { "line": 7, "column": 1 } },
			"1": { "start": { "line": 3, "column": 12 }, "end": { "line": 3, "column": 28 } },
			"2": { "start": { "line": 3, "column": 34 }, "end": { "line": 3, "column": 125 } },
			"3": { "start": { "line": 4, "column": 4 }, "end": { "line": 5, "column": 150 } },
			"4": { "start": { "line": 4, "column": 79 }, "end": { "line": 4, "column": 131 } },
			"5": { "start": { "line": 5, "column": 9 }, "end": { "line": 5, "column": 150 } },
			"6": { "start": { "line": 5, "column": 22 }, "end": { "line": 5, "column": 43 } },
			"7": { "start": { "line": 5, "column": 58 }, "end": { "line": 5, "column": 150 } },
			"8": { "start": { "line": 5, "column": 81 }, "end": { "line": 5, "column": 150 } },
			"9": { "start": { "line": 6, "column": 4 }, "end": { "line": 6, "column": 66 } },
			"10": { "start": { "line": 9, "column": 0 }, "end": { "line": 9, "column": 62 } },
			"11": { "start": { "line": 10, "column": 0 }, "end": { "line": 10, "column": 37 } },
			"12": { "start": { "line": 11, "column": 17 }, "end": { "line": 11, "column": 42 } },
			"13": { "start": { "line": 12, "column": 37 }, "end": { "line": 12, "column": 76 } },
			"14": { "start": { "line": 13, "column": 26 }, "end": { "line": 26, "column": 1 } },
			"15": { "start": { "line": 15, "column": 8 }, "end": { "line": 18, "column": 10 } },
			"16": { "start": { "line": 21, "column": 8 }, "end": { "line": 24, "column": 10 } },
			"17": { "start": { "line": 27, "column": 0 }, "end": { "line": 29, "column": 24 } },
			"18": { "start": { "line": 30, "column": 0 }, "end": { "line": 30, "column": 50 } }
		},
		"fnMap": {
			"0": {
				"name": "(anonymous_0)",
				"decl": { "start": { "line": 2, "column": 46 }, "end": { "line": 2, "column": 47 } },
				"loc": { "start": { "line": 2, "column": 87 }, "end": { "line": 7, "column": 1 } },
				"line": 2
			},
			"1": {
				"name": "(anonymous_1)",
				"decl": { "start": { "line": 14, "column": 4 }, "end": { "line": 14, "column": 5 } },
				"loc": { "start": { "line": 14, "column": 28 }, "end": { "line": 19, "column": 5 } },
				"line": 14
			},
			"2": {
				"name": "(anonymous_2)",
				"decl": { "start": { "line": 20, "column": 4 }, "end": { "line": 20, "column": 5 } },
				"loc": { "start": { "line": 20, "column": 33 }, "end": { "line": 25, "column": 5 } },
				"line": 20
			}
		},
		"branchMap": {
			"0": {
				"loc": { "start": { "line": 2, "column": 17 }, "end": { "line": 7, "column": 1 } },
				"type": "binary-expr",
				"locations": [
					{ "start": { "line": 2, "column": 18 }, "end": { "line": 2, "column": 22 } },
					{ "start": { "line": 2, "column": 26 }, "end": { "line": 2, "column": 41 } },
					{ "start": { "line": 2, "column": 46 }, "end": { "line": 7, "column": 1 } }
				],
				"line": 2
			},
			"1": {
				"loc": { "start": { "line": 3, "column": 34 }, "end": { "line": 3, "column": 125 } },
				"type": "cond-expr",
				"locations": [
					{ "start": { "line": 3, "column": 42 }, "end": { "line": 3, "column": 48 } },
					{ "start": { "line": 3, "column": 51 }, "end": { "line": 3, "column": 125 } }
				],
				"line": 3
			},
			"2": {
				"loc": { "start": { "line": 3, "column": 51 }, "end": { "line": 3, "column": 125 } },
				"type": "cond-expr",
				"locations": [
					{ "start": { "line": 3, "column": 67 }, "end": { "line": 3, "column": 118 } },
					{ "start": { "line": 3, "column": 121 }, "end": { "line": 3, "column": 125 } }
				],
				"line": 3
			},
			"3": {
				"loc": { "start": { "line": 4, "column": 4 }, "end": { "line": 5, "column": 150 } },
				"type": "if",
				"locations": [
					{ "start": { "line": 4, "column": 4 }, "end": { "line": 5, "column": 150 } },
					{ "start": { "line": 5, "column": 9 }, "end": { "line": 5, "column": 150 } }
				],
				"line": 4
			},
			"4": {
				"loc": { "start": { "line": 4, "column": 8 }, "end": { "line": 4, "column": 77 } },
				"type": "binary-expr",
				"locations": [
					{ "start": { "line": 4, "column": 8 }, "end": { "line": 4, "column": 35 } },
					{ "start": { "line": 4, "column": 39 }, "end": { "line": 4, "column": 77 } }
				],
				"line": 4
			},
			"5": {
				"loc": { "start": { "line": 5, "column": 58 }, "end": { "line": 5, "column": 150 } },
				"type": "if",
				"locations": [
					{ "start": { "line": 5, "column": 58 }, "end": { "line": 5, "column": 150 } },
					{ "start": {}, "end": {} }
				],
				"line": 5
			},
			"6": {
				"loc": { "start": { "line": 5, "column": 85 }, "end": { "line": 5, "column": 149 } },
				"type": "binary-expr",
				"locations": [
					{ "start": { "line": 5, "column": 86 }, "end": { "line": 5, "column": 143 } },
					{ "start": { "line": 5, "column": 148 }, "end": { "line": 5, "column": 149 } }
				],
				"line": 5
			},
			"7": {
				"loc": { "start": { "line": 5, "column": 86 }, "end": { "line": 5, "column": 143 } },
				"type": "cond-expr",
				"locations": [
					{ "start": { "line": 5, "column": 94 }, "end": { "line": 5, "column": 98 } },
					{ "start": { "line": 5, "column": 101 }, "end": { "line": 5, "column": 143 } }
				],
				"line": 5
			},
			"8": {
				"loc": { "start": { "line": 5, "column": 101 }, "end": { "line": 5, "column": 143 } },
				"type": "cond-expr",
				"locations": [
					{ "start": { "line": 5, "column": 109 }, "end": { "line": 5, "column": 126 } },
					{ "start": { "line": 5, "column": 129 }, "end": { "line": 5, "column": 143 } }
				],
				"line": 5
			},
			"9": {
				"loc": { "start": { "line": 6, "column": 11 }, "end": { "line": 6, "column": 62 } },
				"type": "binary-expr",
				"locations": [
					{ "start": { "line": 6, "column": 11 }, "end": { "line": 6, "column": 16 } },
					{ "start": { "line": 6, "column": 20 }, "end": { "line": 6, "column": 21 } },
					{ "start": { "line": 6, "column": 25 }, "end": { "line": 6, "column": 62 } }
				],
				"line": 6
			}
		},
		"s": {
			"0": 1,
			"1": 1,
			"2": 1,
			"3": 1,
			"4": 1,
			"5": 0,
			"6": 0,
			"7": 0,
			"8": 0,
			"9": 1,
			"10": 1,
			"11": 1,
			"12": 1,
			"13": 1,
			"14": 1,
			"15": 1,
			"16": 1,
			"17": 1,
			"18": 1
		},
		"f": { "0": 1, "1": 1, "2": 1 },
		"b": {
			"0": [1, 1, 1],
			"1": [1, 0],
			"2": [0, 0],
			"3": [1, 0],
			"4": [1, 1],
			"5": [0, 0],
			"6": [0, 0],
			"7": [0, 0],
			"8": [0, 0],
			"9": [1, 0, 0]
		},
		"_coverageSchema": "1a1c01bbd47fc00a2c39e90264f33305004495a9",
		"hash": "f62bac084c4fac75c233aa9f5302b2bcc8505aa2"
	},
	"/Users/vikram.v/dev/osiris/nestjs-firebase-admin/lib/services/firebase-admin-authentication.service.ts": {
		"path": "/Users/vikram.v/dev/osiris/nestjs-firebase-admin/lib/services/firebase-admin-authentication.service.ts",
		"statementMap": {
			"0": { "start": { "line": 2, "column": 17 }, "end": { "line": 7, "column": 1 } },
			"1": { "start": { "line": 3, "column": 12 }, "end": { "line": 3, "column": 28 } },
			"2": { "start": { "line": 3, "column": 34 }, "end": { "line": 3, "column": 125 } },
			"3": { "start": { "line": 4, "column": 4 }, "end": { "line": 5, "column": 150 } },
			"4": { "start": { "line": 4, "column": 79 }, "end": { "line": 4, "column": 131 } },
			"5": { "start": { "line": 5, "column": 9 }, "end": { "line": 5, "column": 150 } },
			"6": { "start": { "line": 5, "column": 22 }, "end": { "line": 5, "column": 43 } },
			"7": { "start": { "line": 5, "column": 58 }, "end": { "line": 5, "column": 150 } },
			"8": { "start": { "line": 5, "column": 81 }, "end": { "line": 5, "column": 150 } },
			"9": { "start": { "line": 6, "column": 4 }, "end": { "line": 6, "column": 66 } },
			"10": { "start": { "line": 8, "column": 17 }, "end": { "line": 10, "column": 1 } },
			"11": { "start": { "line": 9, "column": 4 }, "end": { "line": 9, "column": 109 } },
			"12": { "start": { "line": 9, "column": 79 }, "end": { "line": 9, "column": 109 } },
			"13": { "start": { "line": 11, "column": 0 }, "end": { "line": 11, "column": 62 } },
			"14": { "start": { "line": 12, "column": 0 }, "end": { "line": 12, "column": 47 } },
			"15": { "start": { "line": 13, "column": 17 }, "end": { "line": 13, "column": 42 } },
			"16": { "start": { "line": 14, "column": 14 }, "end": { "line": 14, "column": 39 } },
			"17": { "start": { "line": 15, "column": 36 }, "end": { "line": 103, "column": 1 } },
			"18": { "start": { "line": 17, "column": 8 }, "end": { "line": 17, "column": 23 } },
			"19": { "start": { "line": 20, "column": 8 }, "end": { "line": 22, "column": 9 } },
			"20": { "start": { "line": 21, "column": 12 }, "end": { "line": 21, "column": 63 } },
			"21": { "start": { "line": 23, "column": 8 }, "end": { "line": 23, "column": 36 } },
			"22": { "start": { "line": 26, "column": 8 }, "end": { "line": 26, "column": 41 } },
			"23": { "start": { "line": 29, "column": 8 }, "end": { "line": 29, "column": 65 } },
			"24": { "start": { "line": 32, "column": 8 }, "end": { "line": 32, "column": 48 } },
			"25": { "start": { "line": 35, "column": 8 }, "end": { "line": 35, "column": 41 } },
			"26": { "start": { "line": 38, "column": 8 }, "end": { "line": 38, "column": 43 } },
			"27": { "start": { "line": 41, "column": 8 }, "end": { "line": 41, "column": 38 } },
			"28": { "start": { "line": 44, "column": 8 }, "end": { "line": 44, "column": 47 } },
			"29": { "start": { "line": 47, "column": 8 }, "end": { "line": 47, "column": 59 } },
			"30": { "start": { "line": 50, "column": 8 }, "end": { "line": 50, "column": 63 } },
			"31": { "start": { "line": 53, "column": 8 }, "end": { "line": 53, "column": 47 } },
			"32": { "start": { "line": 56, "column": 8 }, "end": { "line": 56, "column": 58 } },
			"33": { "start": { "line": 59, "column": 8 }, "end": { "line": 59, "column": 53 } },
			"34": { "start": { "line": 62, "column": 8 }, "end": { "line": 62, "column": 62 } },
			"35": { "start": { "line": 65, "column": 8 }, "end": { "line": 65, "column": 68 } },
			"36": { "start": { "line": 68, "column": 8 }, "end": { "line": 68, "column": 50 } },
			"37": { "start": { "line": 71, "column": 8 }, "end": { "line": 71, "column": 53 } },
			"38": { "start": { "line": 74, "column": 8 }, "end": { "line": 74, "column": 76 } },
			"39": { "start": { "line": 77, "column": 8 }, "end": { "line": 77, "column": 80 } },
			"40": { "start": { "line": 80, "column": 8 }, "end": { "line": 80, "column": 78 } },
			"41": { "start": { "line": 83, "column": 8 }, "end": { "line": 83, "column": 82 } },
			"42": { "start": { "line": 86, "column": 8 }, "end": { "line": 86, "column": 80 } },
			"43": { "start": { "line": 89, "column": 8 }, "end": { "line": 89, "column": 54 } },
			"44": { "start": { "line": 92, "column": 8 }, "end": { "line": 92, "column": 55 } },
			"45": { "start": { "line": 95, "column": 8 }, "end": { "line": 95, "column": 58 } },
			"46": { "start": { "line": 98, "column": 8 }, "end": { "line": 98, "column": 73 } },
			"47": { "start": { "line": 101, "column": 8 }, "end": { "line": 101, "column": 54 } },
			"48": { "start": { "line": 104, "column": 0 }, "end": { "line": 107, "column": 34 } },
			"49": { "start": { "line": 108, "column": 0 }, "end": { "line": 108, "column": 70 } }
		},
		"fnMap": {
			"0": {
				"name": "(anonymous_0)",
				"decl": { "start": { "line": 2, "column": 46 }, "end": { "line": 2, "column": 47 } },
				"loc": { "start": { "line": 2, "column": 87 }, "end": { "line": 7, "column": 1 } },
				"line": 2
			},
			"1": {
				"name": "(anonymous_1)",
				"decl": { "start": { "line": 8, "column": 46 }, "end": { "line": 8, "column": 47 } },
				"loc": { "start": { "line": 8, "column": 62 }, "end": { "line": 10, "column": 1 } },
				"line": 8
			},
			"2": {
				"name": "(anonymous_2)",
				"decl": { "start": { "line": 16, "column": 4 }, "end": { "line": 16, "column": 5 } },
				"loc": { "start": { "line": 16, "column": 21 }, "end": { "line": 18, "column": 5 } },
				"line": 16
			},
			"3": {
				"name": "(anonymous_3)",
				"decl": { "start": { "line": 19, "column": 4 }, "end": { "line": 19, "column": 5 } },
				"loc": { "start": { "line": 19, "column": 15 }, "end": { "line": 24, "column": 5 } },
				"line": 19
			},
			"4": {
				"name": "(anonymous_4)",
				"decl": { "start": { "line": 25, "column": 4 }, "end": { "line": 25, "column": 5 } },
				"loc": { "start": { "line": 25, "column": 20 }, "end": { "line": 27, "column": 5 } },
				"line": 25
			},
			"5": {
				"name": "(anonymous_5)",
				"decl": { "start": { "line": 28, "column": 4 }, "end": { "line": 28, "column": 5 } },
				"loc": { "start": { "line": 28, "column": 44 }, "end": { "line": 30, "column": 5 } },
				"line": 28
			},
			"6": {
				"name": "(anonymous_6)",
				"decl": { "start": { "line": 31, "column": 4 }, "end": { "line": 31, "column": 5 } },
				"loc": { "start": { "line": 31, "column": 27 }, "end": { "line": 33, "column": 5 } },
				"line": 31
			},
			"7": {
				"name": "(anonymous_7)",
				"decl": { "start": { "line": 34, "column": 4 }, "end": { "line": 34, "column": 5 } },
				"loc": { "start": { "line": 34, "column": 20 }, "end": { "line": 36, "column": 5 } },
				"line": 34
			},
			"8": {
				"name": "(anonymous_8)",
				"decl": { "start": { "line": 37, "column": 4 }, "end": { "line": 37, "column": 5 } },
				"loc": { "start": { "line": 37, "column": 22 }, "end": { "line": 39, "column": 5 } },
				"line": 37
			},
			"9": {
				"name": "(anonymous_9)",
				"decl": { "start": { "line": 40, "column": 4 }, "end": { "line": 40, "column": 5 } },
				"loc": { "start": { "line": 40, "column": 17 }, "end": { "line": 42, "column": 5 } },
				"line": 40
			},
			"10": {
				"name": "(anonymous_10)",
				"decl": { "start": { "line": 43, "column": 4 }, "end": { "line": 43, "column": 5 } },
				"loc": { "start": { "line": 43, "column": 26 }, "end": { "line": 45, "column": 5 } },
				"line": 43
			},
			"11": {
				"name": "(anonymous_11)",
				"decl": { "start": { "line": 46, "column": 4 }, "end": { "line": 46, "column": 5 } },
				"loc": { "start": { "line": 46, "column": 38 }, "end": { "line": 48, "column": 5 } },
				"line": 46
			},
			"12": {
				"name": "(anonymous_12)",
				"decl": { "start": { "line": 49, "column": 4 }, "end": { "line": 49, "column": 5 } },
				"loc": { "start": { "line": 49, "column": 42 }, "end": { "line": 51, "column": 5 } },
				"line": 49
			},
			"13": {
				"name": "(anonymous_13)",
				"decl": { "start": { "line": 52, "column": 4 }, "end": { "line": 52, "column": 5 } },
				"loc": { "start": { "line": 52, "column": 26 }, "end": { "line": 54, "column": 5 } },
				"line": 52
			},
			"14": {
				"name": "(anonymous_14)",
				"decl": { "start": { "line": 55, "column": 4 }, "end": { "line": 55, "column": 5 } },
				"loc": { "start": { "line": 55, "column": 37 }, "end": { "line": 57, "column": 5 } },
				"line": 55
			},
			"15": {
				"name": "(anonymous_15)",
				"decl": { "start": { "line": 58, "column": 4 }, "end": { "line": 58, "column": 5 } },
				"loc": { "start": { "line": 58, "column": 32 }, "end": { "line": 60, "column": 5 } },
				"line": 58
			},
			"16": {
				"name": "(anonymous_16)",
				"decl": { "start": { "line": 61, "column": 4 }, "end": { "line": 61, "column": 5 } },
				"loc": { "start": { "line": 61, "column": 41 }, "end": { "line": 63, "column": 5 } },
				"line": 61
			},
			"17": {
				"name": "(anonymous_17)",
				"decl": { "start": { "line": 64, "column": 4 }, "end": { "line": 64, "column": 5 } },
				"loc": { "start": { "line": 64, "column": 47 }, "end": { "line": 66, "column": 5 } },
				"line": 64
			},
			"18": {
				"name": "(anonymous_18)",
				"decl": { "start": { "line": 67, "column": 4 }, "end": { "line": 67, "column": 5 } },
				"loc": { "start": { "line": 67, "column": 29 }, "end": { "line": 69, "column": 5 } },
				"line": 67
			},
			"19": {
				"name": "(anonymous_19)",
				"decl": { "start": { "line": 70, "column": 4 }, "end": { "line": 70, "column": 5 } },
				"loc": { "start": { "line": 70, "column": 32 }, "end": { "line": 72, "column": 5 } },
				"line": 70
			},
			"20": {
				"name": "(anonymous_20)",
				"decl": { "start": { "line": 73, "column": 4 }, "end": { "line": 73, "column": 5 } },
				"loc": { "start": { "line": 73, "column": 55 }, "end": { "line": 75, "column": 5 } },
				"line": 73
			},
			"21": {
				"name": "(anonymous_21)",
				"decl": { "start": { "line": 76, "column": 4 }, "end": { "line": 76, "column": 5 } },
				"loc": { "start": { "line": 76, "column": 59 }, "end": { "line": 78, "column": 5 } },
				"line": 76
			},
			"22": {
				"name": "(anonymous_22)",
				"decl": { "start": { "line": 79, "column": 4 }, "end": { "line": 79, "column": 5 } },
				"loc": { "start": { "line": 79, "column": 57 }, "end": { "line": 81, "column": 5 } },
				"line": 79
			},
			"23": {
				"name": "(anonymous_23)",
				"decl": { "start": { "line": 82, "column": 4 }, "end": { "line": 82, "column": 5 } },
				"loc": { "start": { "line": 82, "column": 61 }, "end": { "line": 84, "column": 5 } },
				"line": 82
			},
			"24": {
				"name": "(anonymous_24)",
				"decl": { "start": { "line": 85, "column": 4 }, "end": { "line": 85, "column": 5 } },
				"loc": { "start": { "line": 85, "column": 59 }, "end": { "line": 87, "column": 5 } },
				"line": 85
			},
			"25": {
				"name": "(anonymous_25)",
				"decl": { "start": { "line": 88, "column": 4 }, "end": { "line": 88, "column": 5 } },
				"loc": { "start": { "line": 88, "column": 33 }, "end": { "line": 90, "column": 5 } },
				"line": 88
			},
			"26": {
				"name": "(anonymous_26)",
				"decl": { "start": { "line": 91, "column": 4 }, "end": { "line": 91, "column": 5 } },
				"loc": { "start": { "line": 91, "column": 34 }, "end": { "line": 93, "column": 5 } },
				"line": 91
			},
			"27": {
				"name": "(anonymous_27)",
				"decl": { "start": { "line": 94, "column": 4 }, "end": { "line": 94, "column": 5 } },
				"loc": { "start": { "line": 94, "column": 37 }, "end": { "line": 96, "column": 5 } },
				"line": 94
			},
			"28": {
				"name": "(anonymous_28)",
				"decl": { "start": { "line": 97, "column": 4 }, "end": { "line": 97, "column": 5 } },
				"loc": { "start": { "line": 97, "column": 52 }, "end": { "line": 99, "column": 5 } },
				"line": 97
			},
			"29": {
				"name": "(anonymous_29)",
				"decl": { "start": { "line": 100, "column": 4 }, "end": { "line": 100, "column": 5 } },
				"loc": { "start": { "line": 100, "column": 33 }, "end": { "line": 102, "column": 5 } },
				"line": 100
			}
		},
		"branchMap": {
			"0": {
				"loc": { "start": { "line": 2, "column": 17 }, "end": { "line": 7, "column": 1 } },
				"type": "binary-expr",
				"locations": [
					{ "start": { "line": 2, "column": 18 }, "end": { "line": 2, "column": 22 } },
					{ "start": { "line": 2, "column": 26 }, "end": { "line": 2, "column": 41 } },
					{ "start": { "line": 2, "column": 46 }, "end": { "line": 7, "column": 1 } }
				],
				"line": 2
			},
			"1": {
				"loc": { "start": { "line": 3, "column": 34 }, "end": { "line": 3, "column": 125 } },
				"type": "cond-expr",
				"locations": [
					{ "start": { "line": 3, "column": 42 }, "end": { "line": 3, "column": 48 } },
					{ "start": { "line": 3, "column": 51 }, "end": { "line": 3, "column": 125 } }
				],
				"line": 3
			},
			"2": {
				"loc": { "start": { "line": 3, "column": 51 }, "end": { "line": 3, "column": 125 } },
				"type": "cond-expr",
				"locations": [
					{ "start": { "line": 3, "column": 67 }, "end": { "line": 3, "column": 118 } },
					{ "start": { "line": 3, "column": 121 }, "end": { "line": 3, "column": 125 } }
				],
				"line": 3
			},
			"3": {
				"loc": { "start": { "line": 4, "column": 4 }, "end": { "line": 5, "column": 150 } },
				"type": "if",
				"locations": [
					{ "start": { "line": 4, "column": 4 }, "end": { "line": 5, "column": 150 } },
					{ "start": { "line": 5, "column": 9 }, "end": { "line": 5, "column": 150 } }
				],
				"line": 4
			},
			"4": {
				"loc": { "start": { "line": 4, "column": 8 }, "end": { "line": 4, "column": 77 } },
				"type": "binary-expr",
				"locations": [
					{ "start": { "line": 4, "column": 8 }, "end": { "line": 4, "column": 35 } },
					{ "start": { "line": 4, "column": 39 }, "end": { "line": 4, "column": 77 } }
				],
				"line": 4
			},
			"5": {
				"loc": { "start": { "line": 5, "column": 58 }, "end": { "line": 5, "column": 150 } },
				"type": "if",
				"locations": [
					{ "start": { "line": 5, "column": 58 }, "end": { "line": 5, "column": 150 } },
					{ "start": {}, "end": {} }
				],
				"line": 5
			},
			"6": {
				"loc": { "start": { "line": 5, "column": 85 }, "end": { "line": 5, "column": 149 } },
				"type": "binary-expr",
				"locations": [
					{ "start": { "line": 5, "column": 86 }, "end": { "line": 5, "column": 143 } },
					{ "start": { "line": 5, "column": 148 }, "end": { "line": 5, "column": 149 } }
				],
				"line": 5
			},
			"7": {
				"loc": { "start": { "line": 5, "column": 86 }, "end": { "line": 5, "column": 143 } },
				"type": "cond-expr",
				"locations": [
					{ "start": { "line": 5, "column": 94 }, "end": { "line": 5, "column": 98 } },
					{ "start": { "line": 5, "column": 101 }, "end": { "line": 5, "column": 143 } }
				],
				"line": 5
			},
			"8": {
				"loc": { "start": { "line": 5, "column": 101 }, "end": { "line": 5, "column": 143 } },
				"type": "cond-expr",
				"locations": [
					{ "start": { "line": 5, "column": 109 }, "end": { "line": 5, "column": 126 } },
					{ "start": { "line": 5, "column": 129 }, "end": { "line": 5, "column": 143 } }
				],
				"line": 5
			},
			"9": {
				"loc": { "start": { "line": 6, "column": 11 }, "end": { "line": 6, "column": 62 } },
				"type": "binary-expr",
				"locations": [
					{ "start": { "line": 6, "column": 11 }, "end": { "line": 6, "column": 16 } },
					{ "start": { "line": 6, "column": 20 }, "end": { "line": 6, "column": 21 } },
					{ "start": { "line": 6, "column": 25 }, "end": { "line": 6, "column": 62 } }
				],
				"line": 6
			},
			"10": {
				"loc": { "start": { "line": 8, "column": 17 }, "end": { "line": 10, "column": 1 } },
				"type": "binary-expr",
				"locations": [
					{ "start": { "line": 8, "column": 18 }, "end": { "line": 8, "column": 22 } },
					{ "start": { "line": 8, "column": 26 }, "end": { "line": 8, "column": 41 } },
					{ "start": { "line": 8, "column": 46 }, "end": { "line": 10, "column": 1 } }
				],
				"line": 8
			},
			"11": {
				"loc": { "start": { "line": 9, "column": 4 }, "end": { "line": 9, "column": 109 } },
				"type": "if",
				"locations": [
					{ "start": { "line": 9, "column": 4 }, "end": { "line": 9, "column": 109 } },
					{ "start": {}, "end": {} }
				],
				"line": 9
			},
			"12": {
				"loc": { "start": { "line": 9, "column": 8 }, "end": { "line": 9, "column": 77 } },
				"type": "binary-expr",
				"locations": [
					{ "start": { "line": 9, "column": 8 }, "end": { "line": 9, "column": 35 } },
					{ "start": { "line": 9, "column": 39 }, "end": { "line": 9, "column": 77 } }
				],
				"line": 9
			},
			"13": {
				"loc": { "start": { "line": 20, "column": 8 }, "end": { "line": 22, "column": 9 } },
				"type": "if",
				"locations": [
					{ "start": { "line": 20, "column": 8 }, "end": { "line": 22, "column": 9 } },
					{ "start": {}, "end": {} }
				],
				"line": 20
			}
		},
		"s": {
			"0": 1,
			"1": 1,
			"2": 1,
			"3": 1,
			"4": 1,
			"5": 0,
			"6": 0,
			"7": 0,
			"8": 0,
			"9": 1,
			"10": 1,
			"11": 1,
			"12": 1,
			"13": 1,
			"14": 1,
			"15": 1,
			"16": 1,
			"17": 1,
			"18": 2,
			"19": 0,
			"20": 0,
			"21": 0,
			"22": 0,
			"23": 0,
			"24": 0,
			"25": 0,
			"26": 0,
			"27": 0,
			"28": 0,
			"29": 0,
			"30": 0,
			"31": 0,
			"32": 0,
			"33": 0,
			"34": 0,
			"35": 0,
			"36": 0,
			"37": 0,
			"38": 0,
			"39": 0,
			"40": 0,
			"41": 0,
			"42": 0,
			"43": 0,
			"44": 0,
			"45": 0,
			"46": 0,
			"47": 0,
			"48": 1,
			"49": 1
		},
		"f": {
			"0": 1,
			"1": 1,
			"2": 2,
			"3": 0,
			"4": 0,
			"5": 0,
			"6": 0,
			"7": 0,
			"8": 0,
			"9": 0,
			"10": 0,
			"11": 0,
			"12": 0,
			"13": 0,
			"14": 0,
			"15": 0,
			"16": 0,
			"17": 0,
			"18": 0,
			"19": 0,
			"20": 0,
			"21": 0,
			"22": 0,
			"23": 0,
			"24": 0,
			"25": 0,
			"26": 0,
			"27": 0,
			"28": 0,
			"29": 0
		},
		"b": {
			"0": [1, 1, 1],
			"1": [1, 0],
			"2": [0, 0],
			"3": [1, 0],
			"4": [1, 1],
			"5": [0, 0],
			"6": [0, 0],
			"7": [0, 0],
			"8": [0, 0],
			"9": [1, 0, 0],
			"10": [1, 1, 1],
			"11": [1, 0],
			"12": [1, 1],
			"13": [0, 0]
		},
		"_coverageSchema": "1a1c01bbd47fc00a2c39e90264f33305004495a9",
		"hash": "148b6f1e3c89ef298e99fb7c7c9ae8fd651496bf"
	},
	"/Users/vikram.v/dev/osiris/nestjs-firebase-admin/lib/services/firebase-admin-database.service.ts": {
		"path": "/Users/vikram.v/dev/osiris/nestjs-firebase-admin/lib/services/firebase-admin-database.service.ts",
		"statementMap": {
			"0": { "start": { "line": 2, "column": 17 }, "end": { "line": 7, "column": 1 } },
			"1": { "start": { "line": 3, "column": 12 }, "end": { "line": 3, "column": 28 } },
			"2": { "start": { "line": 3, "column": 34 }, "end": { "line": 3, "column": 125 } },
			"3": { "start": { "line": 4, "column": 4 }, "end": { "line": 5, "column": 150 } },
			"4": { "start": { "line": 4, "column": 79 }, "end": { "line": 4, "column": 131 } },
			"5": { "start": { "line": 5, "column": 9 }, "end": { "line": 5, "column": 150 } },
			"6": { "start": { "line": 5, "column": 22 }, "end": { "line": 5, "column": 43 } },
			"7": { "start": { "line": 5, "column": 58 }, "end": { "line": 5, "column": 150 } },
			"8": { "start": { "line": 5, "column": 81 }, "end": { "line": 5, "column": 150 } },
			"9": { "start": { "line": 6, "column": 4 }, "end": { "line": 6, "column": 66 } },
			"10": { "start": { "line": 8, "column": 17 }, "end": { "line": 10, "column": 1 } },
			"11": { "start": { "line": 9, "column": 4 }, "end": { "line": 9, "column": 109 } },
			"12": { "start": { "line": 9, "column": 79 }, "end": { "line": 9, "column": 109 } },
			"13": { "start": { "line": 11, "column": 0 }, "end": { "line": 11, "column": 62 } },
			"14": { "start": { "line": 12, "column": 0 }, "end": { "line": 12, "column": 41 } },
			"15": { "start": { "line": 13, "column": 17 }, "end": { "line": 13, "column": 42 } },
			"16": { "start": { "line": 14, "column": 14 }, "end": { "line": 14, "column": 39 } },
			"17": { "start": { "line": 15, "column": 30 }, "end": { "line": 49, "column": 1 } },
			"18": { "start": { "line": 17, "column": 8 }, "end": { "line": 17, "column": 25 } },
			"19": { "start": { "line": 20, "column": 8 }, "end": { "line": 22, "column": 9 } },
			"20": { "start": { "line": 21, "column": 12 }, "end": { "line": 21, "column": 63 } },
			"21": { "start": { "line": 23, "column": 8 }, "end": { "line": 23, "column": 40 } },
			"22": { "start": { "line": 26, "column": 8 }, "end": { "line": 26, "column": 41 } },
			"23": { "start": { "line": 29, "column": 8 }, "end": { "line": 29, "column": 40 } },
			"24": { "start": { "line": 32, "column": 8 }, "end": { "line": 32, "column": 39 } },
			"25": { "start": { "line": 35, "column": 8 }, "end": { "line": 35, "column": 45 } },
			"26": { "start": { "line": 38, "column": 8 }, "end": { "line": 38, "column": 40 } },
			"27": { "start": { "line": 41, "column": 8 }, "end": { "line": 41, "column": 44 } },
			"28": { "start": { "line": 44, "column": 8 }, "end": { "line": 44, "column": 46 } },
			"29": { "start": { "line": 47, "column": 8 }, "end": { "line": 47, "column": 46 } },
			"30": { "start": { "line": 50, "column": 0 }, "end": { "line": 53, "column": 28 } },
			"31": { "start": { "line": 54, "column": 0 }, "end": { "line": 54, "column": 58 } }
		},
		"fnMap": {
			"0": {
				"name": "(anonymous_0)",
				"decl": { "start": { "line": 2, "column": 46 }, "end": { "line": 2, "column": 47 } },
				"loc": { "start": { "line": 2, "column": 87 }, "end": { "line": 7, "column": 1 } },
				"line": 2
			},
			"1": {
				"name": "(anonymous_1)",
				"decl": { "start": { "line": 8, "column": 46 }, "end": { "line": 8, "column": 47 } },
				"loc": { "start": { "line": 8, "column": 62 }, "end": { "line": 10, "column": 1 } },
				"line": 8
			},
			"2": {
				"name": "(anonymous_2)",
				"decl": { "start": { "line": 16, "column": 4 }, "end": { "line": 16, "column": 5 } },
				"loc": { "start": { "line": 16, "column": 22 }, "end": { "line": 18, "column": 5 } },
				"line": 16
			},
			"3": {
				"name": "(anonymous_3)",
				"decl": { "start": { "line": 19, "column": 4 }, "end": { "line": 19, "column": 5 } },
				"loc": { "start": { "line": 19, "column": 19 }, "end": { "line": 24, "column": 5 } },
				"line": 19
			},
			"4": {
				"name": "(anonymous_4)",
				"decl": { "start": { "line": 25, "column": 4 }, "end": { "line": 25, "column": 5 } },
				"loc": { "start": { "line": 25, "column": 16 }, "end": { "line": 27, "column": 5 } },
				"line": 25
			},
			"5": {
				"name": "(anonymous_5)",
				"decl": { "start": { "line": 28, "column": 4 }, "end": { "line": 28, "column": 5 } },
				"loc": { "start": { "line": 28, "column": 15 }, "end": { "line": 30, "column": 5 } },
				"line": 28
			},
			"6": {
				"name": "(anonymous_6)",
				"decl": { "start": { "line": 31, "column": 4 }, "end": { "line": 31, "column": 5 } },
				"loc": { "start": { "line": 31, "column": 14 }, "end": { "line": 33, "column": 5 } },
				"line": 31
			},
			"7": {
				"name": "(anonymous_7)",
				"decl": { "start": { "line": 34, "column": 4 }, "end": { "line": 34, "column": 5 } },
				"loc": { "start": { "line": 34, "column": 20 }, "end": { "line": 36, "column": 5 } },
				"line": 34
			},
			"8": {
				"name": "(anonymous_8)",
				"decl": { "start": { "line": 37, "column": 4 }, "end": { "line": 37, "column": 5 } },
				"loc": { "start": { "line": 37, "column": 15 }, "end": { "line": 39, "column": 5 } },
				"line": 37
			},
			"9": {
				"name": "(anonymous_9)",
				"decl": { "start": { "line": 40, "column": 4 }, "end": { "line": 40, "column": 5 } },
				"loc": { "start": { "line": 40, "column": 19 }, "end": { "line": 42, "column": 5 } },
				"line": 40
			},
			"10": {
				"name": "(anonymous_10)",
				"decl": { "start": { "line": 43, "column": 4 }, "end": { "line": 43, "column": 5 } },
				"loc": { "start": { "line": 43, "column": 21 }, "end": { "line": 45, "column": 5 } },
				"line": 43
			},
			"11": {
				"name": "(anonymous_11)",
				"decl": { "start": { "line": 46, "column": 4 }, "end": { "line": 46, "column": 5 } },
				"loc": { "start": { "line": 46, "column": 28 }, "end": { "line": 48, "column": 5 } },
				"line": 46
			}
		},
		"branchMap": {
			"0": {
				"loc": { "start": { "line": 2, "column": 17 }, "end": { "line": 7, "column": 1 } },
				"type": "binary-expr",
				"locations": [
					{ "start": { "line": 2, "column": 18 }, "end": { "line": 2, "column": 22 } },
					{ "start": { "line": 2, "column": 26 }, "end": { "line": 2, "column": 41 } },
					{ "start": { "line": 2, "column": 46 }, "end": { "line": 7, "column": 1 } }
				],
				"line": 2
			},
			"1": {
				"loc": { "start": { "line": 3, "column": 34 }, "end": { "line": 3, "column": 125 } },
				"type": "cond-expr",
				"locations": [
					{ "start": { "line": 3, "column": 42 }, "end": { "line": 3, "column": 48 } },
					{ "start": { "line": 3, "column": 51 }, "end": { "line": 3, "column": 125 } }
				],
				"line": 3
			},
			"2": {
				"loc": { "start": { "line": 3, "column": 51 }, "end": { "line": 3, "column": 125 } },
				"type": "cond-expr",
				"locations": [
					{ "start": { "line": 3, "column": 67 }, "end": { "line": 3, "column": 118 } },
					{ "start": { "line": 3, "column": 121 }, "end": { "line": 3, "column": 125 } }
				],
				"line": 3
			},
			"3": {
				"loc": { "start": { "line": 4, "column": 4 }, "end": { "line": 5, "column": 150 } },
				"type": "if",
				"locations": [
					{ "start": { "line": 4, "column": 4 }, "end": { "line": 5, "column": 150 } },
					{ "start": { "line": 5, "column": 9 }, "end": { "line": 5, "column": 150 } }
				],
				"line": 4
			},
			"4": {
				"loc": { "start": { "line": 4, "column": 8 }, "end": { "line": 4, "column": 77 } },
				"type": "binary-expr",
				"locations": [
					{ "start": { "line": 4, "column": 8 }, "end": { "line": 4, "column": 35 } },
					{ "start": { "line": 4, "column": 39 }, "end": { "line": 4, "column": 77 } }
				],
				"line": 4
			},
			"5": {
				"loc": { "start": { "line": 5, "column": 58 }, "end": { "line": 5, "column": 150 } },
				"type": "if",
				"locations": [
					{ "start": { "line": 5, "column": 58 }, "end": { "line": 5, "column": 150 } },
					{ "start": {}, "end": {} }
				],
				"line": 5
			},
			"6": {
				"loc": { "start": { "line": 5, "column": 85 }, "end": { "line": 5, "column": 149 } },
				"type": "binary-expr",
				"locations": [
					{ "start": { "line": 5, "column": 86 }, "end": { "line": 5, "column": 143 } },
					{ "start": { "line": 5, "column": 148 }, "end": { "line": 5, "column": 149 } }
				],
				"line": 5
			},
			"7": {
				"loc": { "start": { "line": 5, "column": 86 }, "end": { "line": 5, "column": 143 } },
				"type": "cond-expr",
				"locations": [
					{ "start": { "line": 5, "column": 94 }, "end": { "line": 5, "column": 98 } },
					{ "start": { "line": 5, "column": 101 }, "end": { "line": 5, "column": 143 } }
				],
				"line": 5
			},
			"8": {
				"loc": { "start": { "line": 5, "column": 101 }, "end": { "line": 5, "column": 143 } },
				"type": "cond-expr",
				"locations": [
					{ "start": { "line": 5, "column": 109 }, "end": { "line": 5, "column": 126 } },
					{ "start": { "line": 5, "column": 129 }, "end": { "line": 5, "column": 143 } }
				],
				"line": 5
			},
			"9": {
				"loc": { "start": { "line": 6, "column": 11 }, "end": { "line": 6, "column": 62 } },
				"type": "binary-expr",
				"locations": [
					{ "start": { "line": 6, "column": 11 }, "end": { "line": 6, "column": 16 } },
					{ "start": { "line": 6, "column": 20 }, "end": { "line": 6, "column": 21 } },
					{ "start": { "line": 6, "column": 25 }, "end": { "line": 6, "column": 62 } }
				],
				"line": 6
			},
			"10": {
				"loc": { "start": { "line": 8, "column": 17 }, "end": { "line": 10, "column": 1 } },
				"type": "binary-expr",
				"locations": [
					{ "start": { "line": 8, "column": 18 }, "end": { "line": 8, "column": 22 } },
					{ "start": { "line": 8, "column": 26 }, "end": { "line": 8, "column": 41 } },
					{ "start": { "line": 8, "column": 46 }, "end": { "line": 10, "column": 1 } }
				],
				"line": 8
			},
			"11": {
				"loc": { "start": { "line": 9, "column": 4 }, "end": { "line": 9, "column": 109 } },
				"type": "if",
				"locations": [
					{ "start": { "line": 9, "column": 4 }, "end": { "line": 9, "column": 109 } },
					{ "start": {}, "end": {} }
				],
				"line": 9
			},
			"12": {
				"loc": { "start": { "line": 9, "column": 8 }, "end": { "line": 9, "column": 77 } },
				"type": "binary-expr",
				"locations": [
					{ "start": { "line": 9, "column": 8 }, "end": { "line": 9, "column": 35 } },
					{ "start": { "line": 9, "column": 39 }, "end": { "line": 9, "column": 77 } }
				],
				"line": 9
			},
			"13": {
				"loc": { "start": { "line": 20, "column": 8 }, "end": { "line": 22, "column": 9 } },
				"type": "if",
				"locations": [
					{ "start": { "line": 20, "column": 8 }, "end": { "line": 22, "column": 9 } },
					{ "start": {}, "end": {} }
				],
				"line": 20
			}
		},
		"s": {
			"0": 1,
			"1": 1,
			"2": 1,
			"3": 1,
			"4": 1,
			"5": 0,
			"6": 0,
			"7": 0,
			"8": 0,
			"9": 1,
			"10": 1,
			"11": 1,
			"12": 1,
			"13": 1,
			"14": 1,
			"15": 1,
			"16": 1,
			"17": 1,
			"18": 2,
			"19": 0,
			"20": 0,
			"21": 0,
			"22": 0,
			"23": 0,
			"24": 0,
			"25": 0,
			"26": 0,
			"27": 0,
			"28": 0,
			"29": 0,
			"30": 1,
			"31": 1
		},
		"f": {
			"0": 1,
			"1": 1,
			"2": 2,
			"3": 0,
			"4": 0,
			"5": 0,
			"6": 0,
			"7": 0,
			"8": 0,
			"9": 0,
			"10": 0,
			"11": 0
		},
		"b": {
			"0": [1, 1, 1],
			"1": [1, 0],
			"2": [0, 0],
			"3": [1, 0],
			"4": [1, 1],
			"5": [0, 0],
			"6": [0, 0],
			"7": [0, 0],
			"8": [0, 0],
			"9": [1, 0, 0],
			"10": [1, 1, 1],
			"11": [1, 0],
			"12": [1, 1],
			"13": [0, 0]
		},
		"_coverageSchema": "1a1c01bbd47fc00a2c39e90264f33305004495a9",
		"hash": "2a7d4eab085e49cd42d975862dcea01d1652cc5f"
	},
	"/Users/vikram.v/dev/osiris/nestjs-firebase-admin/lib/services/firebase-admin-firestore.service.ts": {
		"path": "/Users/vikram.v/dev/osiris/nestjs-firebase-admin/lib/services/firebase-admin-firestore.service.ts",
		"statementMap": {
			"0": { "start": { "line": 2, "column": 17 }, "end": { "line": 7, "column": 1 } },
			"1": { "start": { "line": 3, "column": 12 }, "end": { "line": 3, "column": 28 } },
			"2": { "start": { "line": 3, "column": 34 }, "end": { "line": 3, "column": 125 } },
			"3": { "start": { "line": 4, "column": 4 }, "end": { "line": 5, "column": 150 } },
			"4": { "start": { "line": 4, "column": 79 }, "end": { "line": 4, "column": 131 } },
			"5": { "start": { "line": 5, "column": 9 }, "end": { "line": 5, "column": 150 } },
			"6": { "start": { "line": 5, "column": 22 }, "end": { "line": 5, "column": 43 } },
			"7": { "start": { "line": 5, "column": 58 }, "end": { "line": 5, "column": 150 } },
			"8": { "start": { "line": 5, "column": 81 }, "end": { "line": 5, "column": 150 } },
			"9": { "start": { "line": 6, "column": 4 }, "end": { "line": 6, "column": 66 } },
			"10": { "start": { "line": 8, "column": 17 }, "end": { "line": 10, "column": 1 } },
			"11": { "start": { "line": 9, "column": 4 }, "end": { "line": 9, "column": 109 } },
			"12": { "start": { "line": 9, "column": 79 }, "end": { "line": 9, "column": 109 } },
			"13": { "start": { "line": 11, "column": 0 }, "end": { "line": 11, "column": 62 } },
			"14": { "start": { "line": 12, "column": 0 }, "end": { "line": 12, "column": 42 } },
			"15": { "start": { "line": 13, "column": 17 }, "end": { "line": 13, "column": 42 } },
			"16": { "start": { "line": 14, "column": 14 }, "end": { "line": 14, "column": 39 } },
			"17": { "start": { "line": 15, "column": 31 }, "end": { "line": 64, "column": 1 } },
			"18": { "start": { "line": 17, "column": 8 }, "end": { "line": 17, "column": 23 } },
			"19": { "start": { "line": 20, "column": 8 }, "end": { "line": 20, "column": 44 } },
			"20": { "start": { "line": 23, "column": 8 }, "end": { "line": 25, "column": 9 } },
			"21": { "start": { "line": 24, "column": 12 }, "end": { "line": 24, "column": 63 } },
			"22": { "start": { "line": 26, "column": 8 }, "end": { "line": 26, "column": 41 } },
			"23": { "start": { "line": 29, "column": 8 }, "end": { "line": 29, "column": 49 } },
			"24": { "start": { "line": 32, "column": 8 }, "end": { "line": 32, "column": 57 } },
			"25": { "start": { "line": 35, "column": 8 }, "end": { "line": 35, "column": 48 } },
			"26": { "start": { "line": 38, "column": 8 }, "end": { "line": 38, "column": 60 } },
			"27": { "start": { "line": 41, "column": 8 }, "end": { "line": 41, "column": 67 } },
			"28": { "start": { "line": 44, "column": 8 }, "end": { "line": 44, "column": 42 } },
			"29": { "start": { "line": 47, "column": 8 }, "end": { "line": 47, "column": 48 } },
			"30": { "start": { "line": 50, "column": 8 }, "end": { "line": 50, "column": 81 } },
			"31": { "start": { "line": 53, "column": 8 }, "end": { "line": 53, "column": 38 } },
			"32": { "start": { "line": 56, "column": 8 }, "end": { "line": 56, "column": 50 } },
			"33": { "start": { "line": 59, "column": 8 }, "end": { "line": 59, "column": 47 } },
			"34": { "start": { "line": 62, "column": 8 }, "end": { "line": 62, "column": 63 } },
			"35": { "start": { "line": 65, "column": 0 }, "end": { "line": 68, "column": 29 } },
			"36": { "start": { "line": 69, "column": 0 }, "end": { "line": 69, "column": 60 } }
		},
		"fnMap": {
			"0": {
				"name": "(anonymous_0)",
				"decl": { "start": { "line": 2, "column": 46 }, "end": { "line": 2, "column": 47 } },
				"loc": { "start": { "line": 2, "column": 87 }, "end": { "line": 7, "column": 1 } },
				"line": 2
			},
			"1": {
				"name": "(anonymous_1)",
				"decl": { "start": { "line": 8, "column": 46 }, "end": { "line": 8, "column": 47 } },
				"loc": { "start": { "line": 8, "column": 62 }, "end": { "line": 10, "column": 1 } },
				"line": 8
			},
			"2": {
				"name": "(anonymous_2)",
				"decl": { "start": { "line": 16, "column": 4 }, "end": { "line": 16, "column": 5 } },
				"loc": { "start": { "line": 16, "column": 21 }, "end": { "line": 18, "column": 5 } },
				"line": 16
			},
			"3": {
				"name": "(anonymous_3)",
				"decl": { "start": { "line": 19, "column": 4 }, "end": { "line": 19, "column": 5 } },
				"loc": { "start": { "line": 19, "column": 21 }, "end": { "line": 21, "column": 5 } },
				"line": 19
			},
			"4": {
				"name": "(anonymous_4)",
				"decl": { "start": { "line": 22, "column": 4 }, "end": { "line": 22, "column": 5 } },
				"loc": { "start": { "line": 22, "column": 20 }, "end": { "line": 27, "column": 5 } },
				"line": 22
			},
			"5": {
				"name": "(anonymous_5)",
				"decl": { "start": { "line": 28, "column": 4 }, "end": { "line": 28, "column": 5 } },
				"loc": { "start": { "line": 28, "column": 23 }, "end": { "line": 30, "column": 5 } },
				"line": 28
			},
			"6": {
				"name": "(anonymous_6)",
				"decl": { "start": { "line": 31, "column": 4 }, "end": { "line": 31, "column": 5 } },
				"loc": { "start": { "line": 31, "column": 31 }, "end": { "line": 33, "column": 5 } },
				"line": 31
			},
			"7": {
				"name": "(anonymous_7)",
				"decl": { "start": { "line": 34, "column": 4 }, "end": { "line": 34, "column": 5 } },
				"loc": { "start": { "line": 34, "column": 22 }, "end": { "line": 36, "column": 5 } },
				"line": 34
			},
			"8": {
				"name": "(anonymous_8)",
				"decl": { "start": { "line": 37, "column": 4 }, "end": { "line": 37, "column": 5 } },
				"loc": { "start": { "line": 37, "column": 34 }, "end": { "line": 39, "column": 5 } },
				"line": 37
			},
			"9": {
				"name": "(anonymous_9)",
				"decl": { "start": { "line": 40, "column": 4 }, "end": { "line": 40, "column": 5 } },
				"loc": { "start": { "line": 40, "column": 41 }, "end": { "line": 42, "column": 5 } },
				"line": 40
			},
			"10": {
				"name": "(anonymous_10)",
				"decl": { "start": { "line": 43, "column": 4 }, "end": { "line": 43, "column": 5 } },
				"loc": { "start": { "line": 43, "column": 16 }, "end": { "line": 45, "column": 5 } },
				"line": 43
			},
			"11": {
				"name": "(anonymous_11)",
				"decl": { "start": { "line": 46, "column": 4 }, "end": { "line": 46, "column": 5 } },
				"loc": { "start": { "line": 46, "column": 22 }, "end": { "line": 48, "column": 5 } },
				"line": 46
			},
			"12": {
				"name": "(anonymous_12)",
				"decl": { "start": { "line": 49, "column": 4 }, "end": { "line": 49, "column": 5 } },
				"loc": { "start": { "line": 49, "column": 55 }, "end": { "line": 51, "column": 5 } },
				"line": 49
			},
			"13": {
				"name": "(anonymous_13)",
				"decl": { "start": { "line": 52, "column": 4 }, "end": { "line": 52, "column": 5 } },
				"loc": { "start": { "line": 52, "column": 12 }, "end": { "line": 54, "column": 5 } },
				"line": 52
			},
			"14": {
				"name": "(anonymous_14)",
				"decl": { "start": { "line": 55, "column": 4 }, "end": { "line": 55, "column": 5 } },
				"loc": { "start": { "line": 55, "column": 24 }, "end": { "line": 57, "column": 5 } },
				"line": 55
			},
			"15": {
				"name": "(anonymous_15)",
				"decl": { "start": { "line": 58, "column": 4 }, "end": { "line": 58, "column": 5 } },
				"loc": { "start": { "line": 58, "column": 21 }, "end": { "line": 60, "column": 5 } },
				"line": 58
			},
			"16": {
				"name": "(anonymous_16)",
				"decl": { "start": { "line": 61, "column": 4 }, "end": { "line": 61, "column": 5 } },
				"loc": { "start": { "line": 61, "column": 37 }, "end": { "line": 63, "column": 5 } },
				"line": 61
			}
		},
		"branchMap": {
			"0": {
				"loc": { "start": { "line": 2, "column": 17 }, "end": { "line": 7, "column": 1 } },
				"type": "binary-expr",
				"locations": [
					{ "start": { "line": 2, "column": 18 }, "end": { "line": 2, "column": 22 } },
					{ "start": { "line": 2, "column": 26 }, "end": { "line": 2, "column": 41 } },
					{ "start": { "line": 2, "column": 46 }, "end": { "line": 7, "column": 1 } }
				],
				"line": 2
			},
			"1": {
				"loc": { "start": { "line": 3, "column": 34 }, "end": { "line": 3, "column": 125 } },
				"type": "cond-expr",
				"locations": [
					{ "start": { "line": 3, "column": 42 }, "end": { "line": 3, "column": 48 } },
					{ "start": { "line": 3, "column": 51 }, "end": { "line": 3, "column": 125 } }
				],
				"line": 3
			},
			"2": {
				"loc": { "start": { "line": 3, "column": 51 }, "end": { "line": 3, "column": 125 } },
				"type": "cond-expr",
				"locations": [
					{ "start": { "line": 3, "column": 67 }, "end": { "line": 3, "column": 118 } },
					{ "start": { "line": 3, "column": 121 }, "end": { "line": 3, "column": 125 } }
				],
				"line": 3
			},
			"3": {
				"loc": { "start": { "line": 4, "column": 4 }, "end": { "line": 5, "column": 150 } },
				"type": "if",
				"locations": [
					{ "start": { "line": 4, "column": 4 }, "end": { "line": 5, "column": 150 } },
					{ "start": { "line": 5, "column": 9 }, "end": { "line": 5, "column": 150 } }
				],
				"line": 4
			},
			"4": {
				"loc": { "start": { "line": 4, "column": 8 }, "end": { "line": 4, "column": 77 } },
				"type": "binary-expr",
				"locations": [
					{ "start": { "line": 4, "column": 8 }, "end": { "line": 4, "column": 35 } },
					{ "start": { "line": 4, "column": 39 }, "end": { "line": 4, "column": 77 } }
				],
				"line": 4
			},
			"5": {
				"loc": { "start": { "line": 5, "column": 58 }, "end": { "line": 5, "column": 150 } },
				"type": "if",
				"locations": [
					{ "start": { "line": 5, "column": 58 }, "end": { "line": 5, "column": 150 } },
					{ "start": {}, "end": {} }
				],
				"line": 5
			},
			"6": {
				"loc": { "start": { "line": 5, "column": 85 }, "end": { "line": 5, "column": 149 } },
				"type": "binary-expr",
				"locations": [
					{ "start": { "line": 5, "column": 86 }, "end": { "line": 5, "column": 143 } },
					{ "start": { "line": 5, "column": 148 }, "end": { "line": 5, "column": 149 } }
				],
				"line": 5
			},
			"7": {
				"loc": { "start": { "line": 5, "column": 86 }, "end": { "line": 5, "column": 143 } },
				"type": "cond-expr",
				"locations": [
					{ "start": { "line": 5, "column": 94 }, "end": { "line": 5, "column": 98 } },
					{ "start": { "line": 5, "column": 101 }, "end": { "line": 5, "column": 143 } }
				],
				"line": 5
			},
			"8": {
				"loc": { "start": { "line": 5, "column": 101 }, "end": { "line": 5, "column": 143 } },
				"type": "cond-expr",
				"locations": [
					{ "start": { "line": 5, "column": 109 }, "end": { "line": 5, "column": 126 } },
					{ "start": { "line": 5, "column": 129 }, "end": { "line": 5, "column": 143 } }
				],
				"line": 5
			},
			"9": {
				"loc": { "start": { "line": 6, "column": 11 }, "end": { "line": 6, "column": 62 } },
				"type": "binary-expr",
				"locations": [
					{ "start": { "line": 6, "column": 11 }, "end": { "line": 6, "column": 16 } },
					{ "start": { "line": 6, "column": 20 }, "end": { "line": 6, "column": 21 } },
					{ "start": { "line": 6, "column": 25 }, "end": { "line": 6, "column": 62 } }
				],
				"line": 6
			},
			"10": {
				"loc": { "start": { "line": 8, "column": 17 }, "end": { "line": 10, "column": 1 } },
				"type": "binary-expr",
				"locations": [
					{ "start": { "line": 8, "column": 18 }, "end": { "line": 8, "column": 22 } },
					{ "start": { "line": 8, "column": 26 }, "end": { "line": 8, "column": 41 } },
					{ "start": { "line": 8, "column": 46 }, "end": { "line": 10, "column": 1 } }
				],
				"line": 8
			},
			"11": {
				"loc": { "start": { "line": 9, "column": 4 }, "end": { "line": 9, "column": 109 } },
				"type": "if",
				"locations": [
					{ "start": { "line": 9, "column": 4 }, "end": { "line": 9, "column": 109 } },
					{ "start": {}, "end": {} }
				],
				"line": 9
			},
			"12": {
				"loc": { "start": { "line": 9, "column": 8 }, "end": { "line": 9, "column": 77 } },
				"type": "binary-expr",
				"locations": [
					{ "start": { "line": 9, "column": 8 }, "end": { "line": 9, "column": 35 } },
					{ "start": { "line": 9, "column": 39 }, "end": { "line": 9, "column": 77 } }
				],
				"line": 9
			},
			"13": {
				"loc": { "start": { "line": 23, "column": 8 }, "end": { "line": 25, "column": 9 } },
				"type": "if",
				"locations": [
					{ "start": { "line": 23, "column": 8 }, "end": { "line": 25, "column": 9 } },
					{ "start": {}, "end": {} }
				],
				"line": 23
			}
		},
		"s": {
			"0": 1,
			"1": 1,
			"2": 1,
			"3": 1,
			"4": 1,
			"5": 0,
			"6": 0,
			"7": 0,
			"8": 0,
			"9": 1,
			"10": 1,
			"11": 1,
			"12": 1,
			"13": 1,
			"14": 1,
			"15": 1,
			"16": 1,
			"17": 1,
			"18": 2,
			"19": 0,
			"20": 0,
			"21": 0,
			"22": 0,
			"23": 0,
			"24": 0,
			"25": 0,
			"26": 0,
			"27": 0,
			"28": 0,
			"29": 0,
			"30": 0,
			"31": 0,
			"32": 0,
			"33": 0,
			"34": 0,
			"35": 1,
			"36": 1
		},
		"f": {
			"0": 1,
			"1": 1,
			"2": 2,
			"3": 0,
			"4": 0,
			"5": 0,
			"6": 0,
			"7": 0,
			"8": 0,
			"9": 0,
			"10": 0,
			"11": 0,
			"12": 0,
			"13": 0,
			"14": 0,
			"15": 0,
			"16": 0
		},
		"b": {
			"0": [1, 1, 1],
			"1": [1, 0],
			"2": [0, 0],
			"3": [1, 0],
			"4": [1, 1],
			"5": [0, 0],
			"6": [0, 0],
			"7": [0, 0],
			"8": [0, 0],
			"9": [1, 0, 0],
			"10": [1, 1, 1],
			"11": [1, 0],
			"12": [1, 1],
			"13": [0, 0]
		},
		"_coverageSchema": "1a1c01bbd47fc00a2c39e90264f33305004495a9",
		"hash": "b600b89a7078f13c73144469fef7e4c4e3a56c4f"
	},
	"/Users/vikram.v/dev/osiris/nestjs-firebase-admin/lib/services/firebase-admin-messaging.service.ts": {
		"path": "/Users/vikram.v/dev/osiris/nestjs-firebase-admin/lib/services/firebase-admin-messaging.service.ts",
		"statementMap": {
			"0": { "start": { "line": 2, "column": 17 }, "end": { "line": 7, "column": 1 } },
			"1": { "start": { "line": 3, "column": 12 }, "end": { "line": 3, "column": 28 } },
			"2": { "start": { "line": 3, "column": 34 }, "end": { "line": 3, "column": 125 } },
			"3": { "start": { "line": 4, "column": 4 }, "end": { "line": 5, "column": 150 } },
			"4": { "start": { "line": 4, "column": 79 }, "end": { "line": 4, "column": 131 } },
			"5": { "start": { "line": 5, "column": 9 }, "end": { "line": 5, "column": 150 } },
			"6": { "start": { "line": 5, "column": 22 }, "end": { "line": 5, "column": 43 } },
			"7": { "start": { "line": 5, "column": 58 }, "end": { "line": 5, "column": 150 } },
			"8": { "start": { "line": 5, "column": 81 }, "end": { "line": 5, "column": 150 } },
			"9": { "start": { "line": 6, "column": 4 }, "end": { "line": 6, "column": 66 } },
			"10": { "start": { "line": 8, "column": 17 }, "end": { "line": 10, "column": 1 } },
			"11": { "start": { "line": 9, "column": 4 }, "end": { "line": 9, "column": 109 } },
			"12": { "start": { "line": 9, "column": 79 }, "end": { "line": 9, "column": 109 } },
			"13": { "start": { "line": 11, "column": 0 }, "end": { "line": 11, "column": 62 } },
			"14": { "start": { "line": 12, "column": 0 }, "end": { "line": 12, "column": 42 } },
			"15": { "start": { "line": 13, "column": 17 }, "end": { "line": 13, "column": 42 } },
			"16": { "start": { "line": 14, "column": 14 }, "end": { "line": 14, "column": 39 } },
			"17": { "start": { "line": 15, "column": 31 }, "end": { "line": 52, "column": 1 } },
			"18": { "start": { "line": 17, "column": 8 }, "end": { "line": 17, "column": 23 } },
			"19": { "start": { "line": 20, "column": 8 }, "end": { "line": 22, "column": 9 } },
			"20": { "start": { "line": 21, "column": 12 }, "end": { "line": 21, "column": 63 } },
			"21": { "start": { "line": 23, "column": 8 }, "end": { "line": 23, "column": 41 } },
			"22": { "start": { "line": 26, "column": 8 }, "end": { "line": 26, "column": 52 } },
			"23": { "start": { "line": 29, "column": 8 }, "end": { "line": 29, "column": 57 } },
			"24": { "start": { "line": 32, "column": 8 }, "end": { "line": 32, "column": 68 } },
			"25": { "start": { "line": 35, "column": 8 }, "end": { "line": 35, "column": 80 } },
			"26": { "start": { "line": 38, "column": 8 }, "end": { "line": 38, "column": 83 } },
			"27": { "start": { "line": 41, "column": 8 }, "end": { "line": 41, "column": 67 } },
			"28": { "start": { "line": 44, "column": 8 }, "end": { "line": 44, "column": 75 } },
			"29": { "start": { "line": 47, "column": 8 }, "end": { "line": 47, "column": 74 } },
			"30": { "start": { "line": 50, "column": 8 }, "end": { "line": 50, "column": 78 } },
			"31": { "start": { "line": 53, "column": 0 }, "end": { "line": 56, "column": 29 } },
			"32": { "start": { "line": 57, "column": 0 }, "end": { "line": 57, "column": 60 } }
		},
		"fnMap": {
			"0": {
				"name": "(anonymous_0)",
				"decl": { "start": { "line": 2, "column": 46 }, "end": { "line": 2, "column": 47 } },
				"loc": { "start": { "line": 2, "column": 87 }, "end": { "line": 7, "column": 1 } },
				"line": 2
			},
			"1": {
				"name": "(anonymous_1)",
				"decl": { "start": { "line": 8, "column": 46 }, "end": { "line": 8, "column": 47 } },
				"loc": { "start": { "line": 8, "column": 62 }, "end": { "line": 10, "column": 1 } },
				"line": 8
			},
			"2": {
				"name": "(anonymous_2)",
				"decl": { "start": { "line": 16, "column": 4 }, "end": { "line": 16, "column": 5 } },
				"loc": { "start": { "line": 16, "column": 21 }, "end": { "line": 18, "column": 5 } },
				"line": 16
			},
			"3": {
				"name": "(anonymous_3)",
				"decl": { "start": { "line": 19, "column": 4 }, "end": { "line": 19, "column": 5 } },
				"loc": { "start": { "line": 19, "column": 20 }, "end": { "line": 24, "column": 5 } },
				"line": 19
			},
			"4": {
				"name": "(anonymous_4)",
				"decl": { "start": { "line": 25, "column": 4 }, "end": { "line": 25, "column": 5 } },
				"loc": { "start": { "line": 25, "column": 26 }, "end": { "line": 27, "column": 5 } },
				"line": 25
			},
			"5": {
				"name": "(anonymous_5)",
				"decl": { "start": { "line": 28, "column": 4 }, "end": { "line": 28, "column": 5 } },
				"loc": { "start": { "line": 28, "column": 30 }, "end": { "line": 30, "column": 5 } },
				"line": 28
			},
			"6": {
				"name": "(anonymous_6)",
				"decl": { "start": { "line": 31, "column": 4 }, "end": { "line": 31, "column": 5 } },
				"loc": { "start": { "line": 31, "column": 35 }, "end": { "line": 33, "column": 5 } },
				"line": 31
			},
			"7": {
				"name": "(anonymous_7)",
				"decl": { "start": { "line": 34, "column": 4 }, "end": { "line": 34, "column": 5 } },
				"loc": { "start": { "line": 34, "column": 54 }, "end": { "line": 36, "column": 5 } },
				"line": 34
			},
			"8": {
				"name": "(anonymous_8)",
				"decl": { "start": { "line": 37, "column": 4 }, "end": { "line": 37, "column": 5 } },
				"loc": { "start": { "line": 37, "column": 57 }, "end": { "line": 39, "column": 5 } },
				"line": 37
			},
			"9": {
				"name": "(anonymous_9)",
				"decl": { "start": { "line": 40, "column": 4 }, "end": { "line": 40, "column": 5 } },
				"loc": { "start": { "line": 40, "column": 41 }, "end": { "line": 42, "column": 5 } },
				"line": 40
			},
			"10": {
				"name": "(anonymous_10)",
				"decl": { "start": { "line": 43, "column": 4 }, "end": { "line": 43, "column": 5 } },
				"loc": { "start": { "line": 43, "column": 49 }, "end": { "line": 45, "column": 5 } },
				"line": 43
			},
			"11": {
				"name": "(anonymous_11)",
				"decl": { "start": { "line": 46, "column": 4 }, "end": { "line": 46, "column": 5 } },
				"loc": { "start": { "line": 46, "column": 48 }, "end": { "line": 48, "column": 5 } },
				"line": 46
			},
			"12": {
				"name": "(anonymous_12)",
				"decl": { "start": { "line": 49, "column": 4 }, "end": { "line": 49, "column": 5 } },
				"loc": { "start": { "line": 49, "column": 52 }, "end": { "line": 51, "column": 5 } },
				"line": 49
			}
		},
		"branchMap": {
			"0": {
				"loc": { "start": { "line": 2, "column": 17 }, "end": { "line": 7, "column": 1 } },
				"type": "binary-expr",
				"locations": [
					{ "start": { "line": 2, "column": 18 }, "end": { "line": 2, "column": 22 } },
					{ "start": { "line": 2, "column": 26 }, "end": { "line": 2, "column": 41 } },
					{ "start": { "line": 2, "column": 46 }, "end": { "line": 7, "column": 1 } }
				],
				"line": 2
			},
			"1": {
				"loc": { "start": { "line": 3, "column": 34 }, "end": { "line": 3, "column": 125 } },
				"type": "cond-expr",
				"locations": [
					{ "start": { "line": 3, "column": 42 }, "end": { "line": 3, "column": 48 } },
					{ "start": { "line": 3, "column": 51 }, "end": { "line": 3, "column": 125 } }
				],
				"line": 3
			},
			"2": {
				"loc": { "start": { "line": 3, "column": 51 }, "end": { "line": 3, "column": 125 } },
				"type": "cond-expr",
				"locations": [
					{ "start": { "line": 3, "column": 67 }, "end": { "line": 3, "column": 118 } },
					{ "start": { "line": 3, "column": 121 }, "end": { "line": 3, "column": 125 } }
				],
				"line": 3
			},
			"3": {
				"loc": { "start": { "line": 4, "column": 4 }, "end": { "line": 5, "column": 150 } },
				"type": "if",
				"locations": [
					{ "start": { "line": 4, "column": 4 }, "end": { "line": 5, "column": 150 } },
					{ "start": { "line": 5, "column": 9 }, "end": { "line": 5, "column": 150 } }
				],
				"line": 4
			},
			"4": {
				"loc": { "start": { "line": 4, "column": 8 }, "end": { "line": 4, "column": 77 } },
				"type": "binary-expr",
				"locations": [
					{ "start": { "line": 4, "column": 8 }, "end": { "line": 4, "column": 35 } },
					{ "start": { "line": 4, "column": 39 }, "end": { "line": 4, "column": 77 } }
				],
				"line": 4
			},
			"5": {
				"loc": { "start": { "line": 5, "column": 58 }, "end": { "line": 5, "column": 150 } },
				"type": "if",
				"locations": [
					{ "start": { "line": 5, "column": 58 }, "end": { "line": 5, "column": 150 } },
					{ "start": {}, "end": {} }
				],
				"line": 5
			},
			"6": {
				"loc": { "start": { "line": 5, "column": 85 }, "end": { "line": 5, "column": 149 } },
				"type": "binary-expr",
				"locations": [
					{ "start": { "line": 5, "column": 86 }, "end": { "line": 5, "column": 143 } },
					{ "start": { "line": 5, "column": 148 }, "end": { "line": 5, "column": 149 } }
				],
				"line": 5
			},
			"7": {
				"loc": { "start": { "line": 5, "column": 86 }, "end": { "line": 5, "column": 143 } },
				"type": "cond-expr",
				"locations": [
					{ "start": { "line": 5, "column": 94 }, "end": { "line": 5, "column": 98 } },
					{ "start": { "line": 5, "column": 101 }, "end": { "line": 5, "column": 143 } }
				],
				"line": 5
			},
			"8": {
				"loc": { "start": { "line": 5, "column": 101 }, "end": { "line": 5, "column": 143 } },
				"type": "cond-expr",
				"locations": [
					{ "start": { "line": 5, "column": 109 }, "end": { "line": 5, "column": 126 } },
					{ "start": { "line": 5, "column": 129 }, "end": { "line": 5, "column": 143 } }
				],
				"line": 5
			},
			"9": {
				"loc": { "start": { "line": 6, "column": 11 }, "end": { "line": 6, "column": 62 } },
				"type": "binary-expr",
				"locations": [
					{ "start": { "line": 6, "column": 11 }, "end": { "line": 6, "column": 16 } },
					{ "start": { "line": 6, "column": 20 }, "end": { "line": 6, "column": 21 } },
					{ "start": { "line": 6, "column": 25 }, "end": { "line": 6, "column": 62 } }
				],
				"line": 6
			},
			"10": {
				"loc": { "start": { "line": 8, "column": 17 }, "end": { "line": 10, "column": 1 } },
				"type": "binary-expr",
				"locations": [
					{ "start": { "line": 8, "column": 18 }, "end": { "line": 8, "column": 22 } },
					{ "start": { "line": 8, "column": 26 }, "end": { "line": 8, "column": 41 } },
					{ "start": { "line": 8, "column": 46 }, "end": { "line": 10, "column": 1 } }
				],
				"line": 8
			},
			"11": {
				"loc": { "start": { "line": 9, "column": 4 }, "end": { "line": 9, "column": 109 } },
				"type": "if",
				"locations": [
					{ "start": { "line": 9, "column": 4 }, "end": { "line": 9, "column": 109 } },
					{ "start": {}, "end": {} }
				],
				"line": 9
			},
			"12": {
				"loc": { "start": { "line": 9, "column": 8 }, "end": { "line": 9, "column": 77 } },
				"type": "binary-expr",
				"locations": [
					{ "start": { "line": 9, "column": 8 }, "end": { "line": 9, "column": 35 } },
					{ "start": { "line": 9, "column": 39 }, "end": { "line": 9, "column": 77 } }
				],
				"line": 9
			},
			"13": {
				"loc": { "start": { "line": 20, "column": 8 }, "end": { "line": 22, "column": 9 } },
				"type": "if",
				"locations": [
					{ "start": { "line": 20, "column": 8 }, "end": { "line": 22, "column": 9 } },
					{ "start": {}, "end": {} }
				],
				"line": 20
			}
		},
		"s": {
			"0": 1,
			"1": 1,
			"2": 1,
			"3": 1,
			"4": 1,
			"5": 0,
			"6": 0,
			"7": 0,
			"8": 0,
			"9": 1,
			"10": 1,
			"11": 1,
			"12": 1,
			"13": 1,
			"14": 1,
			"15": 1,
			"16": 1,
			"17": 1,
			"18": 2,
			"19": 0,
			"20": 0,
			"21": 0,
			"22": 0,
			"23": 0,
			"24": 0,
			"25": 0,
			"26": 0,
			"27": 0,
			"28": 0,
			"29": 0,
			"30": 0,
			"31": 1,
			"32": 1
		},
		"f": {
			"0": 1,
			"1": 1,
			"2": 2,
			"3": 0,
			"4": 0,
			"5": 0,
			"6": 0,
			"7": 0,
			"8": 0,
			"9": 0,
			"10": 0,
			"11": 0,
			"12": 0
		},
		"b": {
			"0": [1, 1, 1],
			"1": [1, 0],
			"2": [0, 0],
			"3": [1, 0],
			"4": [1, 1],
			"5": [0, 0],
			"6": [0, 0],
			"7": [0, 0],
			"8": [0, 0],
			"9": [1, 0, 0],
			"10": [1, 1, 1],
			"11": [1, 0],
			"12": [1, 1],
			"13": [0, 0]
		},
		"_coverageSchema": "1a1c01bbd47fc00a2c39e90264f33305004495a9",
		"hash": "eb344724326d813dde3967db6bab6965aeaad609"
	},
	"/Users/vikram.v/dev/osiris/nestjs-firebase-admin/lib/services/firebase-admin-remote-config.service.ts": {
		"path": "/Users/vikram.v/dev/osiris/nestjs-firebase-admin/lib/services/firebase-admin-remote-config.service.ts",
		"statementMap": {
			"0": { "start": { "line": 2, "column": 17 }, "end": { "line": 7, "column": 1 } },
			"1": { "start": { "line": 3, "column": 12 }, "end": { "line": 3, "column": 28 } },
			"2": { "start": { "line": 3, "column": 34 }, "end": { "line": 3, "column": 125 } },
			"3": { "start": { "line": 4, "column": 4 }, "end": { "line": 5, "column": 150 } },
			"4": { "start": { "line": 4, "column": 79 }, "end": { "line": 4, "column": 131 } },
			"5": { "start": { "line": 5, "column": 9 }, "end": { "line": 5, "column": 150 } },
			"6": { "start": { "line": 5, "column": 22 }, "end": { "line": 5, "column": 43 } },
			"7": { "start": { "line": 5, "column": 58 }, "end": { "line": 5, "column": 150 } },
			"8": { "start": { "line": 5, "column": 81 }, "end": { "line": 5, "column": 150 } },
			"9": { "start": { "line": 6, "column": 4 }, "end": { "line": 6, "column": 66 } },
			"10": { "start": { "line": 8, "column": 17 }, "end": { "line": 10, "column": 1 } },
			"11": { "start": { "line": 9, "column": 4 }, "end": { "line": 9, "column": 109 } },
			"12": { "start": { "line": 9, "column": 79 }, "end": { "line": 9, "column": 109 } },
			"13": { "start": { "line": 11, "column": 0 }, "end": { "line": 11, "column": 62 } },
			"14": { "start": { "line": 12, "column": 0 }, "end": { "line": 12, "column": 45 } },
			"15": { "start": { "line": 13, "column": 17 }, "end": { "line": 13, "column": 42 } },
			"16": { "start": { "line": 14, "column": 14 }, "end": { "line": 14, "column": 39 } },
			"17": { "start": { "line": 15, "column": 34 }, "end": { "line": 46, "column": 1 } },
			"18": { "start": { "line": 17, "column": 8 }, "end": { "line": 17, "column": 23 } },
			"19": { "start": { "line": 20, "column": 8 }, "end": { "line": 22, "column": 9 } },
			"20": { "start": { "line": 21, "column": 12 }, "end": { "line": 21, "column": 63 } },
			"21": { "start": { "line": 23, "column": 8 }, "end": { "line": 23, "column": 44 } },
			"22": { "start": { "line": 26, "column": 8 }, "end": { "line": 26, "column": 47 } },
			"23": { "start": { "line": 29, "column": 8 }, "end": { "line": 29, "column": 69 } },
			"24": { "start": { "line": 32, "column": 8 }, "end": { "line": 32, "column": 60 } },
			"25": { "start": { "line": 35, "column": 8 }, "end": { "line": 35, "column": 68 } },
			"26": { "start": { "line": 38, "column": 8 }, "end": { "line": 38, "column": 62 } },
			"27": { "start": { "line": 41, "column": 8 }, "end": { "line": 41, "column": 57 } },
			"28": { "start": { "line": 44, "column": 8 }, "end": { "line": 44, "column": 55 } },
			"29": { "start": { "line": 47, "column": 0 }, "end": { "line": 50, "column": 32 } },
			"30": { "start": { "line": 51, "column": 0 }, "end": { "line": 51, "column": 66 } }
		},
		"fnMap": {
			"0": {
				"name": "(anonymous_0)",
				"decl": { "start": { "line": 2, "column": 46 }, "end": { "line": 2, "column": 47 } },
				"loc": { "start": { "line": 2, "column": 87 }, "end": { "line": 7, "column": 1 } },
				"line": 2
			},
			"1": {
				"name": "(anonymous_1)",
				"decl": { "start": { "line": 8, "column": 46 }, "end": { "line": 8, "column": 47 } },
				"loc": { "start": { "line": 8, "column": 62 }, "end": { "line": 10, "column": 1 } },
				"line": 8
			},
			"2": {
				"name": "(anonymous_2)",
				"decl": { "start": { "line": 16, "column": 4 }, "end": { "line": 16, "column": 5 } },
				"loc": { "start": { "line": 16, "column": 21 }, "end": { "line": 18, "column": 5 } },
				"line": 16
			},
			"3": {
				"name": "(anonymous_3)",
				"decl": { "start": { "line": 19, "column": 4 }, "end": { "line": 19, "column": 5 } },
				"loc": { "start": { "line": 19, "column": 23 }, "end": { "line": 24, "column": 5 } },
				"line": 19
			},
			"4": {
				"name": "(anonymous_4)",
				"decl": { "start": { "line": 25, "column": 4 }, "end": { "line": 25, "column": 5 } },
				"loc": { "start": { "line": 25, "column": 18 }, "end": { "line": 27, "column": 5 } },
				"line": 25
			},
			"5": {
				"name": "(anonymous_5)",
				"decl": { "start": { "line": 28, "column": 4 }, "end": { "line": 28, "column": 5 } },
				"loc": { "start": { "line": 28, "column": 40 }, "end": { "line": 30, "column": 5 } },
				"line": 28
			},
			"6": {
				"name": "(anonymous_6)",
				"decl": { "start": { "line": 31, "column": 4 }, "end": { "line": 31, "column": 5 } },
				"loc": { "start": { "line": 31, "column": 31 }, "end": { "line": 33, "column": 5 } },
				"line": 31
			},
			"7": {
				"name": "(anonymous_7)",
				"decl": { "start": { "line": 34, "column": 4 }, "end": { "line": 34, "column": 5 } },
				"loc": { "start": { "line": 34, "column": 39 }, "end": { "line": 36, "column": 5 } },
				"line": 34
			},
			"8": {
				"name": "(anonymous_8)",
				"decl": { "start": { "line": 37, "column": 4 }, "end": { "line": 37, "column": 5 } },
				"loc": { "start": { "line": 37, "column": 33 }, "end": { "line": 39, "column": 5 } },
				"line": 37
			},
			"9": {
				"name": "(anonymous_9)",
				"decl": { "start": { "line": 40, "column": 4 }, "end": { "line": 40, "column": 5 } },
				"loc": { "start": { "line": 40, "column": 28 }, "end": { "line": 42, "column": 5 } },
				"line": 40
			},
			"10": {
				"name": "(anonymous_10)",
				"decl": { "start": { "line": 43, "column": 4 }, "end": { "line": 43, "column": 5 } },
				"loc": { "start": { "line": 43, "column": 26 }, "end": { "line": 45, "column": 5 } },
				"line": 43
			}
		},
		"branchMap": {
			"0": {
				"loc": { "start": { "line": 2, "column": 17 }, "end": { "line": 7, "column": 1 } },
				"type": "binary-expr",
				"locations": [
					{ "start": { "line": 2, "column": 18 }, "end": { "line": 2, "column": 22 } },
					{ "start": { "line": 2, "column": 26 }, "end": { "line": 2, "column": 41 } },
					{ "start": { "line": 2, "column": 46 }, "end": { "line": 7, "column": 1 } }
				],
				"line": 2
			},
			"1": {
				"loc": { "start": { "line": 3, "column": 34 }, "end": { "line": 3, "column": 125 } },
				"type": "cond-expr",
				"locations": [
					{ "start": { "line": 3, "column": 42 }, "end": { "line": 3, "column": 48 } },
					{ "start": { "line": 3, "column": 51 }, "end": { "line": 3, "column": 125 } }
				],
				"line": 3
			},
			"2": {
				"loc": { "start": { "line": 3, "column": 51 }, "end": { "line": 3, "column": 125 } },
				"type": "cond-expr",
				"locations": [
					{ "start": { "line": 3, "column": 67 }, "end": { "line": 3, "column": 118 } },
					{ "start": { "line": 3, "column": 121 }, "end": { "line": 3, "column": 125 } }
				],
				"line": 3
			},
			"3": {
				"loc": { "start": { "line": 4, "column": 4 }, "end": { "line": 5, "column": 150 } },
				"type": "if",
				"locations": [
					{ "start": { "line": 4, "column": 4 }, "end": { "line": 5, "column": 150 } },
					{ "start": { "line": 5, "column": 9 }, "end": { "line": 5, "column": 150 } }
				],
				"line": 4
			},
			"4": {
				"loc": { "start": { "line": 4, "column": 8 }, "end": { "line": 4, "column": 77 } },
				"type": "binary-expr",
				"locations": [
					{ "start": { "line": 4, "column": 8 }, "end": { "line": 4, "column": 35 } },
					{ "start": { "line": 4, "column": 39 }, "end": { "line": 4, "column": 77 } }
				],
				"line": 4
			},
			"5": {
				"loc": { "start": { "line": 5, "column": 58 }, "end": { "line": 5, "column": 150 } },
				"type": "if",
				"locations": [
					{ "start": { "line": 5, "column": 58 }, "end": { "line": 5, "column": 150 } },
					{ "start": {}, "end": {} }
				],
				"line": 5
			},
			"6": {
				"loc": { "start": { "line": 5, "column": 85 }, "end": { "line": 5, "column": 149 } },
				"type": "binary-expr",
				"locations": [
					{ "start": { "line": 5, "column": 86 }, "end": { "line": 5, "column": 143 } },
					{ "start": { "line": 5, "column": 148 }, "end": { "line": 5, "column": 149 } }
				],
				"line": 5
			},
			"7": {
				"loc": { "start": { "line": 5, "column": 86 }, "end": { "line": 5, "column": 143 } },
				"type": "cond-expr",
				"locations": [
					{ "start": { "line": 5, "column": 94 }, "end": { "line": 5, "column": 98 } },
					{ "start": { "line": 5, "column": 101 }, "end": { "line": 5, "column": 143 } }
				],
				"line": 5
			},
			"8": {
				"loc": { "start": { "line": 5, "column": 101 }, "end": { "line": 5, "column": 143 } },
				"type": "cond-expr",
				"locations": [
					{ "start": { "line": 5, "column": 109 }, "end": { "line": 5, "column": 126 } },
					{ "start": { "line": 5, "column": 129 }, "end": { "line": 5, "column": 143 } }
				],
				"line": 5
			},
			"9": {
				"loc": { "start": { "line": 6, "column": 11 }, "end": { "line": 6, "column": 62 } },
				"type": "binary-expr",
				"locations": [
					{ "start": { "line": 6, "column": 11 }, "end": { "line": 6, "column": 16 } },
					{ "start": { "line": 6, "column": 20 }, "end": { "line": 6, "column": 21 } },
					{ "start": { "line": 6, "column": 25 }, "end": { "line": 6, "column": 62 } }
				],
				"line": 6
			},
			"10": {
				"loc": { "start": { "line": 8, "column": 17 }, "end": { "line": 10, "column": 1 } },
				"type": "binary-expr",
				"locations": [
					{ "start": { "line": 8, "column": 18 }, "end": { "line": 8, "column": 22 } },
					{ "start": { "line": 8, "column": 26 }, "end": { "line": 8, "column": 41 } },
					{ "start": { "line": 8, "column": 46 }, "end": { "line": 10, "column": 1 } }
				],
				"line": 8
			},
			"11": {
				"loc": { "start": { "line": 9, "column": 4 }, "end": { "line": 9, "column": 109 } },
				"type": "if",
				"locations": [
					{ "start": { "line": 9, "column": 4 }, "end": { "line": 9, "column": 109 } },
					{ "start": {}, "end": {} }
				],
				"line": 9
			},
			"12": {
				"loc": { "start": { "line": 9, "column": 8 }, "end": { "line": 9, "column": 77 } },
				"type": "binary-expr",
				"locations": [
					{ "start": { "line": 9, "column": 8 }, "end": { "line": 9, "column": 35 } },
					{ "start": { "line": 9, "column": 39 }, "end": { "line": 9, "column": 77 } }
				],
				"line": 9
			},
			"13": {
				"loc": { "start": { "line": 20, "column": 8 }, "end": { "line": 22, "column": 9 } },
				"type": "if",
				"locations": [
					{ "start": { "line": 20, "column": 8 }, "end": { "line": 22, "column": 9 } },
					{ "start": {}, "end": {} }
				],
				"line": 20
			}
		},
		"s": {
			"0": 1,
			"1": 1,
			"2": 1,
			"3": 1,
			"4": 1,
			"5": 0,
			"6": 0,
			"7": 0,
			"8": 0,
			"9": 1,
			"10": 1,
			"11": 1,
			"12": 1,
			"13": 1,
			"14": 1,
			"15": 1,
			"16": 1,
			"17": 1,
			"18": 2,
			"19": 0,
			"20": 0,
			"21": 0,
			"22": 0,
			"23": 0,
			"24": 0,
			"25": 0,
			"26": 0,
			"27": 0,
			"28": 0,
			"29": 1,
			"30": 1
		},
		"f": {
			"0": 1,
			"1": 1,
			"2": 2,
			"3": 0,
			"4": 0,
			"5": 0,
			"6": 0,
			"7": 0,
			"8": 0,
			"9": 0,
			"10": 0
		},
		"b": {
			"0": [1, 1, 1],
			"1": [1, 0],
			"2": [0, 0],
			"3": [1, 0],
			"4": [1, 1],
			"5": [0, 0],
			"6": [0, 0],
			"7": [0, 0],
			"8": [0, 0],
			"9": [1, 0, 0],
			"10": [1, 1, 1],
			"11": [1, 0],
			"12": [1, 1],
			"13": [0, 0]
		},
		"_coverageSchema": "1a1c01bbd47fc00a2c39e90264f33305004495a9",
		"hash": "5c33dc8508db960eda86ecc5843cba175a4fba94"
	},
	"/Users/vikram.v/dev/osiris/nestjs-firebase-admin/lib/services/firebase-admin-storage.service.ts": {
		"path": "/Users/vikram.v/dev/osiris/nestjs-firebase-admin/lib/services/firebase-admin-storage.service.ts",
		"statementMap": {
			"0": { "start": { "line": 2, "column": 17 }, "end": { "line": 7, "column": 1 } },
			"1": { "start": { "line": 3, "column": 12 }, "end": { "line": 3, "column": 28 } },
			"2": { "start": { "line": 3, "column": 34 }, "end": { "line": 3, "column": 125 } },
			"3": { "start": { "line": 4, "column": 4 }, "end": { "line": 5, "column": 150 } },
			"4": { "start": { "line": 4, "column": 79 }, "end": { "line": 4, "column": 131 } },
			"5": { "start": { "line": 5, "column": 9 }, "end": { "line": 5, "column": 150 } },
			"6": { "start": { "line": 5, "column": 22 }, "end": { "line": 5, "column": 43 } },
			"7": { "start": { "line": 5, "column": 58 }, "end": { "line": 5, "column": 150 } },
			"8": { "start": { "line": 5, "column": 81 }, "end": { "line": 5, "column": 150 } },
			"9": { "start": { "line": 6, "column": 4 }, "end": { "line": 6, "column": 66 } },
			"10": { "start": { "line": 8, "column": 17 }, "end": { "line": 10, "column": 1 } },
			"11": { "start": { "line": 9, "column": 4 }, "end": { "line": 9, "column": 109 } },
			"12": { "start": { "line": 9, "column": 79 }, "end": { "line": 9, "column": 109 } },
			"13": { "start": { "line": 11, "column": 0 }, "end": { "line": 11, "column": 62 } },
			"14": { "start": { "line": 12, "column": 0 }, "end": { "line": 12, "column": 40 } },
			"15": { "start": { "line": 13, "column": 17 }, "end": { "line": 13, "column": 42 } },
			"16": { "start": { "line": 14, "column": 14 }, "end": { "line": 14, "column": 39 } },
			"17": { "start": { "line": 15, "column": 29 }, "end": { "line": 28, "column": 1 } },
			"18": { "start": { "line": 17, "column": 8 }, "end": { "line": 17, "column": 23 } },
			"19": { "start": { "line": 20, "column": 8 }, "end": { "line": 22, "column": 9 } },
			"20": { "start": { "line": 21, "column": 12 }, "end": { "line": 21, "column": 63 } },
			"21": { "start": { "line": 23, "column": 8 }, "end": { "line": 23, "column": 39 } },
			"22": { "start": { "line": 26, "column": 8 }, "end": { "line": 26, "column": 41 } },
			"23": { "start": { "line": 29, "column": 0 }, "end": { "line": 32, "column": 27 } },
			"24": { "start": { "line": 33, "column": 0 }, "end": { "line": 33, "column": 56 } }
		},
		"fnMap": {
			"0": {
				"name": "(anonymous_0)",
				"decl": { "start": { "line": 2, "column": 46 }, "end": { "line": 2, "column": 47 } },
				"loc": { "start": { "line": 2, "column": 87 }, "end": { "line": 7, "column": 1 } },
				"line": 2
			},
			"1": {
				"name": "(anonymous_1)",
				"decl": { "start": { "line": 8, "column": 46 }, "end": { "line": 8, "column": 47 } },
				"loc": { "start": { "line": 8, "column": 62 }, "end": { "line": 10, "column": 1 } },
				"line": 8
			},
			"2": {
				"name": "(anonymous_2)",
				"decl": { "start": { "line": 16, "column": 4 }, "end": { "line": 16, "column": 5 } },
				"loc": { "start": { "line": 16, "column": 21 }, "end": { "line": 18, "column": 5 } },
				"line": 16
			},
			"3": {
				"name": "(anonymous_3)",
				"decl": { "start": { "line": 19, "column": 4 }, "end": { "line": 19, "column": 5 } },
				"loc": { "start": { "line": 19, "column": 18 }, "end": { "line": 24, "column": 5 } },
				"line": 19
			},
			"4": {
				"name": "(anonymous_4)",
				"decl": { "start": { "line": 25, "column": 4 }, "end": { "line": 25, "column": 5 } },
				"loc": { "start": { "line": 25, "column": 17 }, "end": { "line": 27, "column": 5 } },
				"line": 25
			}
		},
		"branchMap": {
			"0": {
				"loc": { "start": { "line": 2, "column": 17 }, "end": { "line": 7, "column": 1 } },
				"type": "binary-expr",
				"locations": [
					{ "start": { "line": 2, "column": 18 }, "end": { "line": 2, "column": 22 } },
					{ "start": { "line": 2, "column": 26 }, "end": { "line": 2, "column": 41 } },
					{ "start": { "line": 2, "column": 46 }, "end": { "line": 7, "column": 1 } }
				],
				"line": 2
			},
			"1": {
				"loc": { "start": { "line": 3, "column": 34 }, "end": { "line": 3, "column": 125 } },
				"type": "cond-expr",
				"locations": [
					{ "start": { "line": 3, "column": 42 }, "end": { "line": 3, "column": 48 } },
					{ "start": { "line": 3, "column": 51 }, "end": { "line": 3, "column": 125 } }
				],
				"line": 3
			},
			"2": {
				"loc": { "start": { "line": 3, "column": 51 }, "end": { "line": 3, "column": 125 } },
				"type": "cond-expr",
				"locations": [
					{ "start": { "line": 3, "column": 67 }, "end": { "line": 3, "column": 118 } },
					{ "start": { "line": 3, "column": 121 }, "end": { "line": 3, "column": 125 } }
				],
				"line": 3
			},
			"3": {
				"loc": { "start": { "line": 4, "column": 4 }, "end": { "line": 5, "column": 150 } },
				"type": "if",
				"locations": [
					{ "start": { "line": 4, "column": 4 }, "end": { "line": 5, "column": 150 } },
					{ "start": { "line": 5, "column": 9 }, "end": { "line": 5, "column": 150 } }
				],
				"line": 4
			},
			"4": {
				"loc": { "start": { "line": 4, "column": 8 }, "end": { "line": 4, "column": 77 } },
				"type": "binary-expr",
				"locations": [
					{ "start": { "line": 4, "column": 8 }, "end": { "line": 4, "column": 35 } },
					{ "start": { "line": 4, "column": 39 }, "end": { "line": 4, "column": 77 } }
				],
				"line": 4
			},
			"5": {
				"loc": { "start": { "line": 5, "column": 58 }, "end": { "line": 5, "column": 150 } },
				"type": "if",
				"locations": [
					{ "start": { "line": 5, "column": 58 }, "end": { "line": 5, "column": 150 } },
					{ "start": {}, "end": {} }
				],
				"line": 5
			},
			"6": {
				"loc": { "start": { "line": 5, "column": 85 }, "end": { "line": 5, "column": 149 } },
				"type": "binary-expr",
				"locations": [
					{ "start": { "line": 5, "column": 86 }, "end": { "line": 5, "column": 143 } },
					{ "start": { "line": 5, "column": 148 }, "end": { "line": 5, "column": 149 } }
				],
				"line": 5
			},
			"7": {
				"loc": { "start": { "line": 5, "column": 86 }, "end": { "line": 5, "column": 143 } },
				"type": "cond-expr",
				"locations": [
					{ "start": { "line": 5, "column": 94 }, "end": { "line": 5, "column": 98 } },
					{ "start": { "line": 5, "column": 101 }, "end": { "line": 5, "column": 143 } }
				],
				"line": 5
			},
			"8": {
				"loc": { "start": { "line": 5, "column": 101 }, "end": { "line": 5, "column": 143 } },
				"type": "cond-expr",
				"locations": [
					{ "start": { "line": 5, "column": 109 }, "end": { "line": 5, "column": 126 } },
					{ "start": { "line": 5, "column": 129 }, "end": { "line": 5, "column": 143 } }
				],
				"line": 5
			},
			"9": {
				"loc": { "start": { "line": 6, "column": 11 }, "end": { "line": 6, "column": 62 } },
				"type": "binary-expr",
				"locations": [
					{ "start": { "line": 6, "column": 11 }, "end": { "line": 6, "column": 16 } },
					{ "start": { "line": 6, "column": 20 }, "end": { "line": 6, "column": 21 } },
					{ "start": { "line": 6, "column": 25 }, "end": { "line": 6, "column": 62 } }
				],
				"line": 6
			},
			"10": {
				"loc": { "start": { "line": 8, "column": 17 }, "end": { "line": 10, "column": 1 } },
				"type": "binary-expr",
				"locations": [
					{ "start": { "line": 8, "column": 18 }, "end": { "line": 8, "column": 22 } },
					{ "start": { "line": 8, "column": 26 }, "end": { "line": 8, "column": 41 } },
					{ "start": { "line": 8, "column": 46 }, "end": { "line": 10, "column": 1 } }
				],
				"line": 8
			},
			"11": {
				"loc": { "start": { "line": 9, "column": 4 }, "end": { "line": 9, "column": 109 } },
				"type": "if",
				"locations": [
					{ "start": { "line": 9, "column": 4 }, "end": { "line": 9, "column": 109 } },
					{ "start": {}, "end": {} }
				],
				"line": 9
			},
			"12": {
				"loc": { "start": { "line": 9, "column": 8 }, "end": { "line": 9, "column": 77 } },
				"type": "binary-expr",
				"locations": [
					{ "start": { "line": 9, "column": 8 }, "end": { "line": 9, "column": 35 } },
					{ "start": { "line": 9, "column": 39 }, "end": { "line": 9, "column": 77 } }
				],
				"line": 9
			},
			"13": {
				"loc": { "start": { "line": 20, "column": 8 }, "end": { "line": 22, "column": 9 } },
				"type": "if",
				"locations": [
					{ "start": { "line": 20, "column": 8 }, "end": { "line": 22, "column": 9 } },
					{ "start": {}, "end": {} }
				],
				"line": 20
			}
		},
		"s": {
			"0": 1,
			"1": 1,
			"2": 1,
			"3": 1,
			"4": 1,
			"5": 0,
			"6": 0,
			"7": 0,
			"8": 0,
			"9": 1,
			"10": 1,
			"11": 1,
			"12": 1,
			"13": 1,
			"14": 1,
			"15": 1,
			"16": 1,
			"17": 1,
			"18": 2,
			"19": 0,
			"20": 0,
			"21": 0,
			"22": 0,
			"23": 1,
			"24": 1
		},
		"f": { "0": 1, "1": 1, "2": 2, "3": 0, "4": 0 },
		"b": {
			"0": [1, 1, 1],
			"1": [1, 0],
			"2": [0, 0],
			"3": [1, 0],
			"4": [1, 1],
			"5": [0, 0],
			"6": [0, 0],
			"7": [0, 0],
			"8": [0, 0],
			"9": [1, 0, 0],
			"10": [1, 1, 1],
			"11": [1, 0],
			"12": [1, 1],
			"13": [0, 0]
		},
		"_coverageSchema": "1a1c01bbd47fc00a2c39e90264f33305004495a9",
		"hash": "49b6896988a5c5b6cd2e035d43c8f8ecd5f9c0b8"
	},
	"/Users/vikram.v/dev/osiris/nestjs-firebase-admin/lib/services/index.ts": {
		"path": "/Users/vikram.v/dev/osiris/nestjs-firebase-admin/lib/services/index.ts",
		"statementMap": {
			"0": { "start": { "line": 2, "column": 22 }, "end": { "line": 8, "column": 3 } },
			"1": { "start": { "line": 3, "column": 4 }, "end": { "line": 3, "column": 33 } },
			"2": { "start": { "line": 3, "column": 26 }, "end": { "line": 3, "column": 33 } },
			"3": { "start": { "line": 4, "column": 4 }, "end": { "line": 4, "column": 89 } },
			"4": { "start": { "line": 4, "column": 71 }, "end": { "line": 4, "column": 83 } },
			"5": { "start": { "line": 6, "column": 4 }, "end": { "line": 6, "column": 33 } },
			"6": { "start": { "line": 6, "column": 26 }, "end": { "line": 6, "column": 33 } },
			"7": { "start": { "line": 7, "column": 4 }, "end": { "line": 7, "column": 17 } },
			"8": { "start": { "line": 9, "column": 19 }, "end": { "line": 11, "column": 1 } },
			"9": { "start": { "line": 10, "column": 4 }, "end": { "line": 10, "column": 126 } },
			"10": { "start": { "line": 10, "column": 21 }, "end": { "line": 10, "column": 126 } },
			"11": { "start": { "line": 10, "column": 95 }, "end": { "line": 10, "column": 126 } },
			"12": { "start": { "line": 12, "column": 0 }, "end": { "line": 12, "column": 62 } },
			"13": { "start": { "line": 13, "column": 0 }, "end": { "line": 13, "column": 74 } },
			"14": { "start": { "line": 14, "column": 0 }, "end": { "line": 14, "column": 69 } },
			"15": { "start": { "line": 15, "column": 0 }, "end": { "line": 15, "column": 68 } },
			"16": { "start": { "line": 16, "column": 0 }, "end": { "line": 16, "column": 69 } },
			"17": { "start": { "line": 17, "column": 0 }, "end": { "line": 17, "column": 67 } },
			"18": { "start": { "line": 18, "column": 0 }, "end": { "line": 18, "column": 73 } }
		},
		"fnMap": {
			"0": {
				"name": "(anonymous_0)",
				"decl": { "start": { "line": 2, "column": 74 }, "end": { "line": 2, "column": 75 } },
				"loc": { "start": { "line": 2, "column": 96 }, "end": { "line": 5, "column": 1 } },
				"line": 2
			},
			"1": {
				"name": "(anonymous_1)",
				"decl": { "start": { "line": 4, "column": 58 }, "end": { "line": 4, "column": 59 } },
				"loc": { "start": { "line": 4, "column": 69 }, "end": { "line": 4, "column": 85 } },
				"line": 4
			},
			"2": {
				"name": "(anonymous_2)",
				"decl": { "start": { "line": 5, "column": 6 }, "end": { "line": 5, "column": 7 } },
				"loc": { "start": { "line": 5, "column": 28 }, "end": { "line": 8, "column": 1 } },
				"line": 5
			},
			"3": {
				"name": "(anonymous_3)",
				"decl": { "start": { "line": 9, "column": 50 }, "end": { "line": 9, "column": 51 } },
				"loc": { "start": { "line": 9, "column": 71 }, "end": { "line": 11, "column": 1 } },
				"line": 9
			}
		},
		"branchMap": {
			"0": {
				"loc": { "start": { "line": 2, "column": 22 }, "end": { "line": 8, "column": 3 } },
				"type": "binary-expr",
				"locations": [
					{ "start": { "line": 2, "column": 23 }, "end": { "line": 2, "column": 27 } },
					{ "start": { "line": 2, "column": 31 }, "end": { "line": 2, "column": 51 } },
					{ "start": { "line": 2, "column": 57 }, "end": { "line": 8, "column": 2 } }
				],
				"line": 2
			},
			"1": {
				"loc": { "start": { "line": 2, "column": 57 }, "end": { "line": 8, "column": 2 } },
				"type": "cond-expr",
				"locations": [
					{ "start": { "line": 2, "column": 74 }, "end": { "line": 5, "column": 1 } },
					{ "start": { "line": 5, "column": 6 }, "end": { "line": 8, "column": 1 } }
				],
				"line": 2
			},
			"2": {
				"loc": { "start": { "line": 3, "column": 4 }, "end": { "line": 3, "column": 33 } },
				"type": "if",
				"locations": [
					{ "start": { "line": 3, "column": 4 }, "end": { "line": 3, "column": 33 } },
					{ "start": {}, "end": {} }
				],
				"line": 3
			},
			"3": {
				"loc": { "start": { "line": 6, "column": 4 }, "end": { "line": 6, "column": 33 } },
				"type": "if",
				"locations": [
					{ "start": { "line": 6, "column": 4 }, "end": { "line": 6, "column": 33 } },
					{ "start": {}, "end": {} }
				],
				"line": 6
			},
			"4": {
				"loc": { "start": { "line": 9, "column": 19 }, "end": { "line": 11, "column": 1 } },
				"type": "binary-expr",
				"locations": [
					{ "start": { "line": 9, "column": 20 }, "end": { "line": 9, "column": 24 } },
					{ "start": { "line": 9, "column": 28 }, "end": { "line": 9, "column": 45 } },
					{ "start": { "line": 9, "column": 50 }, "end": { "line": 11, "column": 1 } }
				],
				"line": 9
			},
			"5": {
				"loc": { "start": { "line": 10, "column": 21 }, "end": { "line": 10, "column": 126 } },
				"type": "if",
				"locations": [
					{ "start": { "line": 10, "column": 21 }, "end": { "line": 10, "column": 126 } },
					{ "start": {}, "end": {} }
				],
				"line": 10
			},
			"6": {
				"loc": { "start": { "line": 10, "column": 25 }, "end": { "line": 10, "column": 93 } },
				"type": "binary-expr",
				"locations": [
					{ "start": { "line": 10, "column": 25 }, "end": { "line": 10, "column": 40 } },
					{ "start": { "line": 10, "column": 44 }, "end": { "line": 10, "column": 93 } }
				],
				"line": 10
			}
		},
		"s": {
			"0": 1,
			"1": 6,
			"2": 6,
			"3": 6,
			"4": 6,
			"5": 0,
			"6": 0,
			"7": 0,
			"8": 1,
			"9": 6,
			"10": 6,
			"11": 6,
			"12": 1,
			"13": 1,
			"14": 1,
			"15": 1,
			"16": 1,
			"17": 1,
			"18": 1
		},
		"f": { "0": 6, "1": 6, "2": 0, "3": 6 },
		"b": {
			"0": [1, 1, 1],
			"1": [1, 0],
			"2": [6, 0],
			"3": [0, 0],
			"4": [1, 1, 1],
			"5": [6, 0],
			"6": [6, 6]
		},
		"_coverageSchema": "1a1c01bbd47fc00a2c39e90264f33305004495a9",
		"hash": "52bab6b9ef135a14bb1cf5b8622a7cad1289a31a"
	}
}
